INFO 2023-10-20 09:35:01 - mutation_rq1.py:185 - Mutation config:
--------------------------------------------------------------
{'train_config': {'dataset_name': 'rtpolarity', 'batch_size': 5, 'input_size': ['(2,51)'], 'dtypes': ['int'], 'epoch': 100, 'test_size': 2, 'model_name': 'textcnn', 'loss_name': 'textcnnloss', 'device': 'GPU', 'device_id': 2, 'optimizer': 'SGD', 'learning_rate': 0.02, 'loss_ground_truth': 2.950969386100769, 'eval_ground_truth': 0.998740881321355, 'memory_threshold': '1e-2', 'dataset_path': '/data1/pzy/mindb/rt-polarity'}, 'mutation_config': {'mutator_strategy': 'random', 'mutation_iterations': 50, 'save_iterations': 1, 'mutation_eval_metric': 'origin_diff', 'select_mutmodel_nums': 1, 'validation_threshold': 0.5, 'output_difference_metric': 'DMAD', 'mutlog_path': './common/log'}}
INFO 2023-10-20 09:35:01 - mutation_rq1.py:1403 - Stage1: start network mutation!
ERROR 2023-10-20 09:35:15 - log.py:73 - can't convert cuda:2 device type tensor to numpy. Use Tensor.cpu() to copy the tensor to host memory first.
WARNING 2023-10-20 09:35:15 - log.py:88 - [*User Warning*] The returned result cannot be compared normally, the result index is 0
INFO 2023-10-20 09:35:15 - mutation_rq1.py:482 - ================== start 1 generation!(1/50) ==================
INFO 2023-10-20 09:35:15 - model_mutation_operators.py:33 - Adopt LD mut_strategy!
INFO 2023-10-20 09:35:15 - model_mutation_operators.py:64 - delete layer_name:drop
INFO 2023-10-20 09:35:15 - model_mutation_operators.py:113 - candidate_in_mutlayers_indice:-1
INFO 2023-10-20 09:35:15 - model_mutation_operators.py:117 - adopt DeleteCell EmptyCell
INFO 2023-10-20 09:35:15 - model_mutation_operators.py:198 - mut_result:True
INFO 2023-10-20 09:35:15 - model_mutation_operators.py:199 - 1 generation!

INFO 2023-10-20 09:35:15 - mutation_rq1.py:491 - 1:True
INFO 2023-10-20 09:35:15 - mutation_rq1.py:482 - ================== start 2 generation!(2/50) ==================
INFO 2023-10-20 09:35:15 - model_mutation_operators.py:589 - Adopt LS mut_strategy!
INFO 2023-10-20 09:35:15 - model_mutation_operators.py:610 - mut_result: LS search no suitable layer
INFO 2023-10-20 09:35:15 - mutation_rq1.py:498 - execution_traces:[1]
ERROR 2023-10-20 09:35:15 - log.py:73 - can't convert cuda:2 device type tensor to numpy. Use Tensor.cpu() to copy the tensor to host memory first.
WARNING 2023-10-20 09:35:15 - log.py:88 - [*User Warning*] The returned result cannot be compared normally, the result index is 0
INFO 2023-10-20 09:35:15 - mutation_rq1.py:482 - ================== start 3 generation!(3/50) ==================
INFO 2023-10-20 09:35:15 - model_mutation_operators.py:786 - Adopt RA mut_strategy!
INFO 2023-10-20 09:35:15 - model_mutation_operators.py:856 - candidate_in_mutlayers_indice:-1
INFO 2023-10-20 09:35:15 - model_mutation_operators.py:864 - select layer: layer2.1 layer_type: <class 'mindspore.nn.layer.activation.ReLU'> in_shape: [2, 96, 50, 3] out_shape: [2, 96, 50, 3]
INFO 2023-10-20 09:35:15 - model_mutation_operators.py:865 - mut Basic type: True
INFO 2023-10-20 09:35:15 - model_mutation_operators.py:866 - add Basic layer : Basic_op
INFO 2023-10-20 09:35:15 - model_mutation_operators.py:875 - select insert layer: ReLU<>
INFO 2023-10-20 09:35:15 - model_mutation_operators.py:881 - insert_layer_outshape equal!
INFO 2023-10-20 09:35:15 - model_mutation_operators.py:917 - mut_result:True
INFO 2023-10-20 09:35:15 - model_mutation_operators.py:918 - 3 generation!

INFO 2023-10-20 09:35:15 - mutation_rq1.py:491 - 1:True
INFO 2023-10-20 09:35:15 - mutation_rq1.py:482 - ================== start 4 generation!(4/50) ==================
INFO 2023-10-20 09:35:15 - model_mutation_operators.py:643 - Adopt LC mut_strategy!
INFO 2023-10-20 09:35:15 - model_mutation_operators.py:727 - candidate_in_mutlayers_indice:-1
INFO 2023-10-20 09:35:15 - model_mutation_operators.py:730 - select layer: layer3.1 layer_type: <class 'mindspore.nn.layer.activation.ReLU'> in_shape: (2, 96, 49, 3) out_shape: (2, 96, 49, 3)
INFO 2023-10-20 09:35:15 - model_mutation_operators.py:731 - mut Basic type: True
INFO 2023-10-20 09:35:15 - model_mutation_operators.py:732 - add Basic layer : 
INFO 2023-10-20 09:35:15 - model_mutation_operators.py:733 - select insert layer: ReLU<>
INFO 2023-10-20 09:35:15 - model_mutation_operators.py:776 - mut_result:True
INFO 2023-10-20 09:35:15 - model_mutation_operators.py:777 - 4 generation!

INFO 2023-10-20 09:35:15 - mutation_rq1.py:491 - 1:True
INFO 2023-10-20 09:35:15 - mutation_rq1.py:482 - ================== start 5 generation!(5/50) ==================
INFO 2023-10-20 09:35:15 - model_mutation_operators.py:786 - Adopt RA mut_strategy!
INFO 2023-10-20 09:35:15 - model_mutation_operators.py:856 - candidate_in_mutlayers_indice:-1
INFO 2023-10-20 09:35:15 - model_mutation_operators.py:864 - select layer: layer1.1 layer_type: <class 'mindspore.nn.layer.activation.ReLU'> in_shape: [2, 96, 51, 3] out_shape: [2, 96, 51, 3]
INFO 2023-10-20 09:35:15 - model_mutation_operators.py:865 - mut Basic type: True
INFO 2023-10-20 09:35:15 - model_mutation_operators.py:866 - add Basic layer : Basic_op
INFO 2023-10-20 09:35:15 - model_mutation_operators.py:875 - select insert layer: Sigmoid<>
INFO 2023-10-20 09:35:15 - model_mutation_operators.py:881 - insert_layer_outshape equal!
INFO 2023-10-20 09:35:15 - Other_utils.py:541 - Failed to set layer: layer1.1!
INFO 2023-10-20 09:35:15 - Other_utils.py:542 - The 'TextCNN' object has no attribute 'origin_layer_names'.
INFO 2023-10-20 09:35:15 - Other_utils.py:543 - mut_result:RA set layers failure!
INFO 2023-10-20 09:35:15 - Other_utils.py:544 - 5 generation!

INFO 2023-10-20 09:35:15 - mutation_rq1.py:498 - execution_traces:[1, 2, 3, 4]
ERROR 2023-10-20 09:35:15 - log.py:73 - can't convert cuda:2 device type tensor to numpy. Use Tensor.cpu() to copy the tensor to host memory first.
WARNING 2023-10-20 09:35:15 - log.py:88 - [*User Warning*] The returned result cannot be compared normally, the result index is 0
INFO 2023-10-20 09:35:15 - mutation_rq1.py:482 - ================== start 6 generation!(6/50) ==================
INFO 2023-10-20 09:35:15 - model_mutation_operators.py:1441 - Adopt NAI mut_strategy!
INFO 2023-10-20 09:35:15 - model_mutation_operators.py:1473 - candidate_in_mutlayers_indice:1
INFO 2023-10-20 09:35:15 - model_mutation_operators.py:1477 - candidate_in_mutlayers_indice:-1
INFO 2023-10-20 09:35:15 - model_mutation_operators.py:1477 - candidate_in_mutlayers_indice:-1
INFO 2023-10-20 09:35:15 - model_mutation_operators.py:1477 - candidate_in_mutlayers_indice:-1
INFO 2023-10-20 09:35:15 - model_mutation_operators.py:1477 - candidate_in_mutlayers_indice:-1
INFO 2023-10-20 09:35:15 - model_mutation_operators.py:1477 - candidate_in_mutlayers_indice:-1
INFO 2023-10-20 09:35:15 - model_mutation_operators.py:1503 - select layer:layer2.0  layer_type:Conv2d
INFO 2023-10-20 09:35:15 - model_mutation_operators.py:1555 - mut_result:True
INFO 2023-10-20 09:35:15 - model_mutation_operators.py:1556 - 6 generation!

INFO 2023-10-20 09:35:15 - mutation_rq1.py:491 - 1:True
INFO 2023-10-20 09:35:16 - mutation_rq1.py:482 - ================== start 7 generation!(7/50) ==================
INFO 2023-10-20 09:35:16 - model_mutation_operators.py:1441 - Adopt NAI mut_strategy!
INFO 2023-10-20 09:35:16 - model_mutation_operators.py:1477 - candidate_in_mutlayers_indice:-1
INFO 2023-10-20 09:35:16 - model_mutation_operators.py:1477 - candidate_in_mutlayers_indice:-1
INFO 2023-10-20 09:35:16 - model_mutation_operators.py:1477 - candidate_in_mutlayers_indice:-1
INFO 2023-10-20 09:35:16 - model_mutation_operators.py:1473 - candidate_in_mutlayers_indice:0
INFO 2023-10-20 09:35:16 - model_mutation_operators.py:1477 - candidate_in_mutlayers_indice:-1
INFO 2023-10-20 09:35:16 - model_mutation_operators.py:1503 - select layer:layer1.0  layer_type:Conv2d
INFO 2023-10-20 09:35:16 - model_mutation_operators.py:1555 - mut_result:True
INFO 2023-10-20 09:35:16 - model_mutation_operators.py:1556 - 7 generation!

INFO 2023-10-20 09:35:16 - mutation_rq1.py:491 - 1:True
INFO 2023-10-20 09:35:16 - mutation_rq1.py:482 - ================== start 8 generation!(8/50) ==================
INFO 2023-10-20 09:35:16 - model_mutation_operators.py:927 - Adopt WS mut_strategy!
INFO 2023-10-20 09:35:16 - model_mutation_operators.py:982 - candidate_in_mutlayers_indice:-1
INFO 2023-10-20 09:35:16 - model_mutation_operators.py:1007 - select layer:layer1.0  layer_type:Conv2d
INFO 2023-10-20 09:35:16 - model_mutation_operators.py:1056 - mut_result:True
INFO 2023-10-20 09:35:16 - model_mutation_operators.py:1057 - 8 generation!
INFO 2023-10-20 09:35:16 - mutation_rq1.py:491 - 1:True
INFO 2023-10-20 09:35:16 - mutation_rq1.py:482 - ================== start 9 generation!(9/50) ==================
INFO 2023-10-20 09:35:16 - model_mutation_operators.py:1065 - Adopt NS mut_strategy!
INFO 2023-10-20 09:35:16 - model_mutation_operators.py:1105 - candidate_in_mutlayers_indice:-1
INFO 2023-10-20 09:35:16 - model_mutation_operators.py:1127 - select layer:layer1.0  layer_type:Conv2d
INFO 2023-10-20 09:35:16 - model_mutation_operators.py:1191 - mut_result:True
INFO 2023-10-20 09:35:16 - model_mutation_operators.py:1192 - 9 generation!

INFO 2023-10-20 09:35:16 - mutation_rq1.py:491 - 1:True
INFO 2023-10-20 09:35:16 - mutation_rq1.py:482 - ================== start 10 generation!(10/50) ==================
INFO 2023-10-20 09:35:16 - model_mutation_operators.py:33 - Adopt LD mut_strategy!
INFO 2023-10-20 09:35:16 - model_mutation_operators.py:64 - delete layer_name:layer3.1
INFO 2023-10-20 09:35:16 - model_mutation_operators.py:106 - candidate_in_mutlayers_indice:0
INFO 2023-10-20 09:35:16 - model_mutation_operators.py:110 - adopt DeleteCell SequentialCell
INFO 2023-10-20 09:35:16 - model_mutation_operators.py:198 - mut_result:True
INFO 2023-10-20 09:35:16 - model_mutation_operators.py:199 - 10 generation!

INFO 2023-10-20 09:35:16 - mutation_rq1.py:491 - 1:True
INFO 2023-10-20 09:35:16 - mutation_rq1.py:482 - ================== start 11 generation!(11/50) ==================
INFO 2023-10-20 09:35:16 - model_mutation_operators.py:927 - Adopt WS mut_strategy!
INFO 2023-10-20 09:35:16 - model_mutation_operators.py:982 - candidate_in_mutlayers_indice:-1
INFO 2023-10-20 09:35:16 - model_mutation_operators.py:1007 - select layer:layer3.0  layer_type:Conv2d
INFO 2023-10-20 09:35:16 - model_mutation_operators.py:1056 - mut_result:True
INFO 2023-10-20 09:35:16 - model_mutation_operators.py:1057 - 11 generation!
INFO 2023-10-20 09:35:16 - mutation_rq1.py:491 - 1:True
INFO 2023-10-20 09:35:16 - mutation_rq1.py:482 - ================== start 12 generation!(12/50) ==================
INFO 2023-10-20 09:35:16 - model_mutation_operators.py:1202 - Adopt GF mut_strategy!
INFO 2023-10-20 09:35:16 - model_mutation_operators.py:1244 - candidate_in_mutlayers_indice:0
INFO 2023-10-20 09:35:16 - model_mutation_operators.py:1261 - select layer:layer2  layer_type:Conv2d
INFO 2023-10-20 09:35:16 - model_mutation_operators.py:1302 - mut_result:True
INFO 2023-10-20 09:35:16 - model_mutation_operators.py:1303 - 12 generation!

INFO 2023-10-20 09:35:16 - mutation_rq1.py:491 - 1:True
INFO 2023-10-20 09:35:16 - mutation_rq1.py:482 - ================== start 13 generation!(13/50) ==================
INFO 2023-10-20 09:35:16 - model_mutation_operators.py:643 - Adopt LC mut_strategy!
INFO 2023-10-20 09:35:16 - model_mutation_operators.py:727 - candidate_in_mutlayers_indice:-1
INFO 2023-10-20 09:35:16 - model_mutation_operators.py:730 - select layer: layer2.1 layer_type: <class 'mindspore.nn.layer.activation.ReLU'> in_shape: (2, 96, 50, 3) out_shape: (2, 96, 50, 3)
INFO 2023-10-20 09:35:16 - model_mutation_operators.py:731 - mut Basic type: True
INFO 2023-10-20 09:35:16 - model_mutation_operators.py:732 - add Basic layer : 
INFO 2023-10-20 09:35:16 - model_mutation_operators.py:733 - select insert layer: ReLU<>
INFO 2023-10-20 09:35:16 - model_mutation_operators.py:776 - mut_result:True
INFO 2023-10-20 09:35:16 - model_mutation_operators.py:777 - 13 generation!

INFO 2023-10-20 09:35:16 - mutation_rq1.py:491 - 1:True
INFO 2023-10-20 09:35:16 - mutation_rq1.py:482 - ================== start 14 generation!(14/50) ==================
INFO 2023-10-20 09:35:16 - model_mutation_operators.py:643 - Adopt LC mut_strategy!
INFO 2023-10-20 09:35:16 - model_mutation_operators.py:727 - candidate_in_mutlayers_indice:-1
INFO 2023-10-20 09:35:16 - model_mutation_operators.py:730 - select layer: layer1.1 layer_type: <class 'mindspore.nn.layer.activation.ReLU'> in_shape: (2, 96, 51, 3) out_shape: (2, 96, 51, 3)
INFO 2023-10-20 09:35:16 - model_mutation_operators.py:731 - mut Basic type: True
INFO 2023-10-20 09:35:16 - model_mutation_operators.py:732 - add Basic layer : 
INFO 2023-10-20 09:35:16 - model_mutation_operators.py:733 - select insert layer: ReLU<>
INFO 2023-10-20 09:35:16 - Other_utils.py:541 - Failed to set layer: layer1.1!
INFO 2023-10-20 09:35:16 - Other_utils.py:542 - The 'TextCNN' object has no attribute 'origin_layer_names'.
INFO 2023-10-20 09:35:16 - Other_utils.py:543 - mut_result:LC set layers failure!
INFO 2023-10-20 09:35:16 - Other_utils.py:544 - 14 generation!

INFO 2023-10-20 09:35:16 - mutation_rq1.py:498 - execution_traces:[1, 2, 3, 4, 5, 6, 7, 8, 9, 10, 11, 12, 13]
ERROR 2023-10-20 09:35:16 - log.py:73 - can't convert cuda:2 device type tensor to numpy. Use Tensor.cpu() to copy the tensor to host memory first.
WARNING 2023-10-20 09:35:16 - log.py:88 - [*User Warning*] The returned result cannot be compared normally, the result index is 0
INFO 2023-10-20 09:35:16 - mutation_rq1.py:482 - ================== start 15 generation!(15/50) ==================
INFO 2023-10-20 09:35:16 - model_mutation_operators.py:33 - Adopt LD mut_strategy!
INFO 2023-10-20 09:35:16 - model_mutation_operators.py:64 - delete layer_name:layer2.1
INFO 2023-10-20 09:35:16 - model_mutation_operators.py:106 - candidate_in_mutlayers_indice:0
INFO 2023-10-20 09:35:16 - model_mutation_operators.py:110 - adopt DeleteCell SequentialCell
INFO 2023-10-20 09:35:16 - model_mutation_operators.py:198 - mut_result:True
INFO 2023-10-20 09:35:16 - model_mutation_operators.py:199 - 15 generation!

INFO 2023-10-20 09:35:16 - mutation_rq1.py:491 - 1:True
INFO 2023-10-20 09:35:16 - mutation_rq1.py:482 - ================== start 16 generation!(16/50) ==================
INFO 2023-10-20 09:35:16 - model_mutation_operators.py:927 - Adopt WS mut_strategy!
INFO 2023-10-20 09:35:16 - model_mutation_operators.py:982 - candidate_in_mutlayers_indice:-1
INFO 2023-10-20 09:35:16 - model_mutation_operators.py:1007 - select layer:layer2.0  layer_type:Conv2d
INFO 2023-10-20 09:35:16 - model_mutation_operators.py:1056 - mut_result:True
INFO 2023-10-20 09:35:16 - model_mutation_operators.py:1057 - 16 generation!
INFO 2023-10-20 09:35:16 - mutation_rq1.py:491 - 1:True
INFO 2023-10-20 09:35:16 - mutation_rq1.py:482 - ================== start 17 generation!(17/50) ==================
INFO 2023-10-20 09:35:16 - model_mutation_operators.py:1065 - Adopt NS mut_strategy!
INFO 2023-10-20 09:35:16 - model_mutation_operators.py:1105 - candidate_in_mutlayers_indice:-1
INFO 2023-10-20 09:35:16 - model_mutation_operators.py:1127 - select layer:layer3.0  layer_type:Conv2d
INFO 2023-10-20 09:35:16 - model_mutation_operators.py:1191 - mut_result:True
INFO 2023-10-20 09:35:16 - model_mutation_operators.py:1192 - 17 generation!

INFO 2023-10-20 09:35:16 - mutation_rq1.py:491 - 1:True
INFO 2023-10-20 09:35:16 - mutation_rq1.py:482 - ================== start 18 generation!(18/50) ==================
INFO 2023-10-20 09:35:16 - model_mutation_operators.py:1065 - Adopt NS mut_strategy!
INFO 2023-10-20 09:35:16 - model_mutation_operators.py:1105 - candidate_in_mutlayers_indice:-1
INFO 2023-10-20 09:35:16 - model_mutation_operators.py:1127 - select layer:layer3.0  layer_type:Conv2d
INFO 2023-10-20 09:35:16 - model_mutation_operators.py:1191 - mut_result:True
INFO 2023-10-20 09:35:16 - model_mutation_operators.py:1192 - 18 generation!

INFO 2023-10-20 09:35:16 - mutation_rq1.py:491 - 1:True
INFO 2023-10-20 09:35:16 - mutation_rq1.py:482 - ================== start 19 generation!(19/50) ==================
INFO 2023-10-20 09:35:16 - model_mutation_operators.py:381 - Adopt LA mut_strategy!
INFO 2023-10-20 09:35:16 - model_mutation_operators.py:454 - candidate_in_mutlayers_indice:-1
INFO 2023-10-20 09:35:16 - model_mutation_operators.py:466 - select layer: layer1.1 layer_type: <class 'mindspore.nn.layer.activation.ReLU'> in_shape: [2, 96, 51, 3] out_shape: [2, 96, 51, 3]
INFO 2023-10-20 09:35:16 - model_mutation_operators.py:467 - mut Basic type: True
INFO 2023-10-20 09:35:16 - model_mutation_operators.py:468 - add Basic layer : Basic_op
INFO 2023-10-20 09:35:16 - model_mutation_operators.py:504 - select insert layer: Conv2d<input_channels=96, output_channels=96, kernel_size=(1, 1), stride=(1, 1), pad_mode=valid, padding=0, dilation=(1, 1), group=1, has_bias=True, weight_init=[[[[1.]]

  [[1.]]

  [[1.]]

  ...

  [[1.]]

  [[1.]]

  [[1.]]]


 [[[1.]]

  [[1.]]

  [[1.]]

  ...

  [[1.]]

  [[1.]]

  [[1.]]]


 [[[1.]]

  [[1.]]

  [[1.]]

  ...

  [[1.]]

  [[1.]]

  [[1.]]]


 ...


 [[[1.]]

  [[1.]]

  [[1.]]

  ...

  [[1.]]

  [[1.]]

  [[1.]]]


 [[[1.]]

  [[1.]]

  [[1.]]

  ...

  [[1.]]

  [[1.]]

  [[1.]]]


 [[[1.]]

  [[1.]]

  [[1.]]

  ...

  [[1.]]

  [[1.]]

  [[1.]]]], bias_init=[1. 1. 1. 1. 1. 1. 1. 1. 1. 1. 1. 1. 1. 1. 1. 1. 1. 1. 1. 1. 1. 1. 1. 1.
 1. 1. 1. 1. 1. 1. 1. 1. 1. 1. 1. 1. 1. 1. 1. 1. 1. 1. 1. 1. 1. 1. 1. 1.
 1. 1. 1. 1. 1. 1. 1. 1. 1. 1. 1. 1. 1. 1. 1. 1. 1. 1. 1. 1. 1. 1. 1. 1.
 1. 1. 1. 1. 1. 1. 1. 1. 1. 1. 1. 1. 1. 1. 1. 1. 1. 1. 1. 1. 1. 1. 1. 1.], format=NCHW>
INFO 2023-10-20 09:35:16 - model_mutation_operators.py:508 - insert_layer_outshape equal!
INFO 2023-10-20 09:35:16 - Other_utils.py:541 - Failed to set layer: layer1.1!
INFO 2023-10-20 09:35:16 - Other_utils.py:542 - The 'TextCNN' object has no attribute 'origin_layer_names'.
INFO 2023-10-20 09:35:16 - Other_utils.py:543 - mut_result:LA set layers failure!
INFO 2023-10-20 09:35:16 - Other_utils.py:544 - 19 generation!

INFO 2023-10-20 09:35:16 - mutation_rq1.py:498 - execution_traces:[1, 2, 3, 4, 5, 6, 7, 8, 9, 10, 11, 12, 13, 14, 15, 16, 17, 18]
ERROR 2023-10-20 09:35:16 - log.py:73 - can't convert cuda:2 device type tensor to numpy. Use Tensor.cpu() to copy the tensor to host memory first.
WARNING 2023-10-20 09:35:16 - log.py:88 - [*User Warning*] The returned result cannot be compared normally, the result index is 0
INFO 2023-10-20 09:35:16 - mutation_rq1.py:482 - ================== start 20 generation!(20/50) ==================
INFO 2023-10-20 09:35:16 - model_mutation_operators.py:1065 - Adopt NS mut_strategy!
INFO 2023-10-20 09:35:16 - model_mutation_operators.py:1105 - candidate_in_mutlayers_indice:-1
INFO 2023-10-20 09:35:16 - model_mutation_operators.py:1127 - select layer:layer1.0  layer_type:Conv2d
INFO 2023-10-20 09:35:16 - model_mutation_operators.py:1191 - mut_result:True
INFO 2023-10-20 09:35:16 - model_mutation_operators.py:1192 - 20 generation!

INFO 2023-10-20 09:35:16 - mutation_rq1.py:491 - 1:True
INFO 2023-10-20 09:35:16 - mutation_rq1.py:482 - ================== start 21 generation!(21/50) ==================
INFO 2023-10-20 09:35:16 - model_mutation_operators.py:1202 - Adopt GF mut_strategy!
INFO 2023-10-20 09:35:16 - model_mutation_operators.py:1244 - candidate_in_mutlayers_indice:1
INFO 2023-10-20 09:35:16 - model_mutation_operators.py:1261 - select layer:layer1  layer_type:ReLU
INFO 2023-10-20 09:35:16 - model_mutation_operators.py:1302 - mut_result:True
INFO 2023-10-20 09:35:16 - model_mutation_operators.py:1303 - 21 generation!

INFO 2023-10-20 09:35:16 - mutation_rq1.py:491 - 1:True
INFO 2023-10-20 09:35:16 - mutation_rq1.py:482 - ================== start 22 generation!(22/50) ==================
INFO 2023-10-20 09:35:16 - model_mutation_operators.py:33 - Adopt LD mut_strategy!
INFO 2023-10-20 09:35:16 - model_mutation_operators.py:64 - delete layer_name:layer2.1
INFO 2023-10-20 09:35:16 - model_mutation_operators.py:106 - candidate_in_mutlayers_indice:1
INFO 2023-10-20 09:35:16 - model_mutation_operators.py:110 - adopt DeleteCell SequentialCell
INFO 2023-10-20 09:35:16 - model_mutation_operators.py:198 - mut_result:True
INFO 2023-10-20 09:35:16 - model_mutation_operators.py:199 - 22 generation!

INFO 2023-10-20 09:35:16 - mutation_rq1.py:491 - 1:True
INFO 2023-10-20 09:35:16 - mutation_rq1.py:482 - ================== start 23 generation!(23/50) ==================
INFO 2023-10-20 09:35:16 - model_mutation_operators.py:786 - Adopt RA mut_strategy!
INFO 2023-10-20 09:35:16 - model_mutation_operators.py:856 - candidate_in_mutlayers_indice:-1
INFO 2023-10-20 09:35:16 - model_mutation_operators.py:864 - select layer: layer1.1 layer_type: <class 'mindspore.nn.layer.activation.ReLU'> in_shape: [2, 96, 51, 3] out_shape: [2, 96, 51, 3]
INFO 2023-10-20 09:35:16 - model_mutation_operators.py:865 - mut Basic type: True
INFO 2023-10-20 09:35:16 - model_mutation_operators.py:866 - add Basic layer : Basic_op
INFO 2023-10-20 09:35:16 - model_mutation_operators.py:875 - select insert layer: Tanh<>
INFO 2023-10-20 09:35:16 - model_mutation_operators.py:881 - insert_layer_outshape equal!
INFO 2023-10-20 09:35:16 - Other_utils.py:541 - Failed to set layer: layer1.1!
INFO 2023-10-20 09:35:16 - Other_utils.py:542 - The 'TextCNN' object has no attribute 'origin_layer_names'.
INFO 2023-10-20 09:35:16 - Other_utils.py:543 - mut_result:RA set layers failure!
INFO 2023-10-20 09:35:16 - Other_utils.py:544 - 23 generation!

INFO 2023-10-20 09:35:16 - mutation_rq1.py:498 - execution_traces:[1, 2, 3, 4, 5, 6, 7, 8, 9, 10, 11, 12, 13, 14, 15, 16, 17, 18, 19, 20, 21, 22]
ERROR 2023-10-20 09:35:16 - log.py:73 - can't convert cuda:2 device type tensor to numpy. Use Tensor.cpu() to copy the tensor to host memory first.
WARNING 2023-10-20 09:35:16 - log.py:88 - [*User Warning*] The returned result cannot be compared normally, the result index is 0
INFO 2023-10-20 09:35:16 - mutation_rq1.py:482 - ================== start 24 generation!(24/50) ==================
INFO 2023-10-20 09:35:16 - model_mutation_operators.py:1202 - Adopt GF mut_strategy!
INFO 2023-10-20 09:35:16 - model_mutation_operators.py:1248 - candidate_in_mutlayers_indice:-1
INFO 2023-10-20 09:35:16 - model_mutation_operators.py:1261 - select layer:layer1.1  layer_type:ReLU
INFO 2023-10-20 09:35:16 - Other_utils.py:541 - Failed to set layer: layer1.1!
INFO 2023-10-20 09:35:16 - Other_utils.py:542 - The 'TextCNN' object has no attribute 'origin_layer_names'.
INFO 2023-10-20 09:35:16 - Other_utils.py:543 - mut_result:GF set layers failure!
INFO 2023-10-20 09:35:16 - Other_utils.py:544 - 24 generation!

INFO 2023-10-20 09:35:16 - mutation_rq1.py:498 - execution_traces:[1, 2, 3, 4, 5, 6, 7, 8, 9, 10, 11, 12, 13, 14, 15, 16, 17, 18, 19, 20, 21, 22, 23]
ERROR 2023-10-20 09:35:16 - log.py:73 - can't convert cuda:2 device type tensor to numpy. Use Tensor.cpu() to copy the tensor to host memory first.
WARNING 2023-10-20 09:35:16 - log.py:88 - [*User Warning*] The returned result cannot be compared normally, the result index is 0
INFO 2023-10-20 09:35:17 - mutation_rq1.py:482 - ================== start 25 generation!(25/50) ==================
INFO 2023-10-20 09:35:17 - model_mutation_operators.py:1314 - Adopt NEB mut_strategy!
INFO 2023-10-20 09:35:17 - model_mutation_operators.py:1352 - candidate_in_mutlayers_indice:-1
INFO 2023-10-20 09:35:17 - model_mutation_operators.py:1381 - select layer:layer3.0  layer_type:Conv2d
INFO 2023-10-20 09:35:17 - model_mutation_operators.py:1432 - mut_result:True
INFO 2023-10-20 09:35:17 - model_mutation_operators.py:1433 - 25 generation!
INFO 2023-10-20 09:35:17 - mutation_rq1.py:491 - 1:True
INFO 2023-10-20 09:35:17 - mutation_rq1.py:482 - ================== start 26 generation!(26/50) ==================
INFO 2023-10-20 09:35:17 - model_mutation_operators.py:1065 - Adopt NS mut_strategy!
INFO 2023-10-20 09:35:17 - model_mutation_operators.py:1105 - candidate_in_mutlayers_indice:-1
INFO 2023-10-20 09:35:17 - model_mutation_operators.py:1127 - select layer:layer3.0  layer_type:Conv2d
INFO 2023-10-20 09:35:17 - model_mutation_operators.py:1191 - mut_result:True
INFO 2023-10-20 09:35:17 - model_mutation_operators.py:1192 - 26 generation!

INFO 2023-10-20 09:35:17 - mutation_rq1.py:491 - 1:True
INFO 2023-10-20 09:35:17 - mutation_rq1.py:482 - ================== start 27 generation!(27/50) ==================
INFO 2023-10-20 09:35:17 - model_mutation_operators.py:589 - Adopt LS mut_strategy!
INFO 2023-10-20 09:35:17 - model_mutation_operators.py:610 - mut_result: LS search no suitable layer
INFO 2023-10-20 09:35:17 - mutation_rq1.py:498 - execution_traces:[1, 2, 3, 4, 5, 6, 7, 8, 9, 10, 11, 12, 13, 14, 15, 16, 17, 18, 19, 20, 21, 22, 23, 24, 25, 26]
ERROR 2023-10-20 09:35:17 - log.py:73 - can't convert cuda:2 device type tensor to numpy. Use Tensor.cpu() to copy the tensor to host memory first.
WARNING 2023-10-20 09:35:17 - log.py:88 - [*User Warning*] The returned result cannot be compared normally, the result index is 0
INFO 2023-10-20 09:35:17 - mutation_rq1.py:482 - ================== start 28 generation!(28/50) ==================
INFO 2023-10-20 09:35:17 - model_mutation_operators.py:1202 - Adopt GF mut_strategy!
INFO 2023-10-20 09:35:17 - model_mutation_operators.py:1248 - candidate_in_mutlayers_indice:-1
INFO 2023-10-20 09:35:17 - model_mutation_operators.py:1261 - select layer:layer1.1  layer_type:ReLU
INFO 2023-10-20 09:35:17 - Other_utils.py:541 - Failed to set layer: layer1.1!
INFO 2023-10-20 09:35:17 - Other_utils.py:542 - The 'TextCNN' object has no attribute 'origin_layer_names'.
INFO 2023-10-20 09:35:17 - Other_utils.py:543 - mut_result:GF set layers failure!
INFO 2023-10-20 09:35:17 - Other_utils.py:544 - 28 generation!

INFO 2023-10-20 09:35:17 - mutation_rq1.py:498 - execution_traces:[1, 2, 3, 4, 5, 6, 7, 8, 9, 10, 11, 12, 13, 14, 15, 16, 17, 18, 19, 20, 21, 22, 23, 24, 25, 26, 27]
ERROR 2023-10-20 09:35:17 - log.py:73 - can't convert cuda:2 device type tensor to numpy. Use Tensor.cpu() to copy the tensor to host memory first.
WARNING 2023-10-20 09:35:17 - log.py:88 - [*User Warning*] The returned result cannot be compared normally, the result index is 0
INFO 2023-10-20 09:35:17 - mutation_rq1.py:482 - ================== start 29 generation!(29/50) ==================
INFO 2023-10-20 09:35:18 - model_mutation_operators.py:1314 - Adopt NEB mut_strategy!
INFO 2023-10-20 09:35:18 - model_mutation_operators.py:1352 - candidate_in_mutlayers_indice:-1
INFO 2023-10-20 09:35:18 - model_mutation_operators.py:1381 - select layer:layer3.0  layer_type:Conv2d
INFO 2023-10-20 09:35:18 - model_mutation_operators.py:1432 - mut_result:True
INFO 2023-10-20 09:35:18 - model_mutation_operators.py:1433 - 29 generation!
INFO 2023-10-20 09:35:18 - mutation_rq1.py:491 - 1:True
INFO 2023-10-20 09:35:18 - mutation_rq1.py:482 - ================== start 30 generation!(30/50) ==================
INFO 2023-10-20 09:35:18 - model_mutation_operators.py:207 - Adopt AFRM mut_strategy!
INFO 2023-10-20 09:35:18 - model_mutation_operators.py:236 - delete layer_name:layer1.1
INFO 2023-10-20 09:35:18 - model_mutation_operators.py:286 - candidate_in_mutlayers_indice:-1
INFO 2023-10-20 09:35:18 - model_mutation_operators.py:290 - adopt DeleteCell EmptyCell
INFO 2023-10-20 09:35:18 - Other_utils.py:541 - Failed to set layer: layer1.1!
INFO 2023-10-20 09:35:18 - Other_utils.py:542 - The 'TextCNN' object has no attribute 'origin_layer_names'.
INFO 2023-10-20 09:35:18 - Other_utils.py:543 - mut_result:AFRM set layers failure!
INFO 2023-10-20 09:35:18 - Other_utils.py:544 - 30 generation!

INFO 2023-10-20 09:35:18 - mutation_rq1.py:498 - execution_traces:[1, 2, 3, 4, 5, 6, 7, 8, 9, 10, 11, 12, 13, 14, 15, 16, 17, 18, 19, 20, 21, 22, 23, 24, 25, 26, 27, 28, 29]
ERROR 2023-10-20 09:35:18 - log.py:73 - can't convert cuda:2 device type tensor to numpy. Use Tensor.cpu() to copy the tensor to host memory first.
WARNING 2023-10-20 09:35:18 - log.py:88 - [*User Warning*] The returned result cannot be compared normally, the result index is 0
INFO 2023-10-20 09:35:18 - mutation_rq1.py:482 - ================== start 31 generation!(31/50) ==================
INFO 2023-10-20 09:35:18 - model_mutation_operators.py:786 - Adopt RA mut_strategy!
INFO 2023-10-20 09:35:18 - model_mutation_operators.py:822 - mut_result:No suitable layer for RA!
INFO 2023-10-20 09:35:18 - model_mutation_operators.py:823 - 31 generation!

INFO 2023-10-20 09:35:18 - mutation_rq1.py:498 - execution_traces:[1, 2, 3, 4, 5, 6, 7, 8, 9, 10, 11, 12, 13, 14, 15, 16, 17, 18, 19, 20, 21, 22, 23, 24, 25, 26, 27, 28, 29, 30]
ERROR 2023-10-20 09:35:18 - log.py:73 - can't convert cuda:2 device type tensor to numpy. Use Tensor.cpu() to copy the tensor to host memory first.
WARNING 2023-10-20 09:35:18 - log.py:88 - [*User Warning*] The returned result cannot be compared normally, the result index is 0
INFO 2023-10-20 09:35:18 - mutation_rq1.py:482 - ================== start 32 generation!(32/50) ==================
INFO 2023-10-20 09:35:18 - model_mutation_operators.py:1202 - Adopt GF mut_strategy!
INFO 2023-10-20 09:35:18 - model_mutation_operators.py:1248 - candidate_in_mutlayers_indice:-1
INFO 2023-10-20 09:35:18 - model_mutation_operators.py:1261 - select layer:layer1.1  layer_type:ReLU
INFO 2023-10-20 09:35:18 - Other_utils.py:541 - Failed to set layer: layer1.1!
INFO 2023-10-20 09:35:18 - Other_utils.py:542 - The 'TextCNN' object has no attribute 'origin_layer_names'.
INFO 2023-10-20 09:35:18 - Other_utils.py:543 - mut_result:GF set layers failure!
INFO 2023-10-20 09:35:18 - Other_utils.py:544 - 32 generation!

INFO 2023-10-20 09:35:18 - mutation_rq1.py:498 - execution_traces:[1, 2, 3, 4, 5, 6, 7, 8, 9, 10, 11, 12, 13, 14, 15, 16, 17, 18, 19, 20, 21, 22, 23, 24, 25, 26, 27, 28, 29, 30, 31]
ERROR 2023-10-20 09:35:19 - log.py:73 - can't convert cuda:2 device type tensor to numpy. Use Tensor.cpu() to copy the tensor to host memory first.
WARNING 2023-10-20 09:35:19 - log.py:88 - [*User Warning*] The returned result cannot be compared normally, the result index is 0
INFO 2023-10-20 09:35:19 - mutation_rq1.py:482 - ================== start 33 generation!(33/50) ==================
INFO 2023-10-20 09:35:19 - model_mutation_operators.py:207 - Adopt AFRM mut_strategy!
INFO 2023-10-20 09:35:19 - model_mutation_operators.py:236 - delete layer_name:layer1.1
INFO 2023-10-20 09:35:19 - model_mutation_operators.py:286 - candidate_in_mutlayers_indice:-1
INFO 2023-10-20 09:35:19 - model_mutation_operators.py:290 - adopt DeleteCell EmptyCell
INFO 2023-10-20 09:35:19 - Other_utils.py:541 - Failed to set layer: layer1.1!
INFO 2023-10-20 09:35:19 - Other_utils.py:542 - The 'TextCNN' object has no attribute 'origin_layer_names'.
INFO 2023-10-20 09:35:19 - Other_utils.py:543 - mut_result:AFRM set layers failure!
INFO 2023-10-20 09:35:19 - Other_utils.py:544 - 33 generation!

INFO 2023-10-20 09:35:19 - mutation_rq1.py:498 - execution_traces:[1, 2, 3, 4, 5, 6, 7, 8, 9, 10, 11, 12, 13, 14, 15, 16, 17, 18, 19, 20, 21, 22, 23, 24, 25, 26, 27, 28, 29, 30, 31, 32]
ERROR 2023-10-20 09:35:19 - log.py:73 - can't convert cuda:2 device type tensor to numpy. Use Tensor.cpu() to copy the tensor to host memory first.
WARNING 2023-10-20 09:35:19 - log.py:88 - [*User Warning*] The returned result cannot be compared normally, the result index is 0
INFO 2023-10-20 09:35:19 - mutation_rq1.py:482 - ================== start 34 generation!(34/50) ==================
INFO 2023-10-20 09:35:19 - model_mutation_operators.py:207 - Adopt AFRM mut_strategy!
INFO 2023-10-20 09:35:19 - model_mutation_operators.py:236 - delete layer_name:layer1.1
INFO 2023-10-20 09:35:19 - model_mutation_operators.py:286 - candidate_in_mutlayers_indice:-1
INFO 2023-10-20 09:35:19 - model_mutation_operators.py:290 - adopt DeleteCell EmptyCell
INFO 2023-10-20 09:35:19 - Other_utils.py:541 - Failed to set layer: layer1.1!
INFO 2023-10-20 09:35:19 - Other_utils.py:542 - The 'TextCNN' object has no attribute 'origin_layer_names'.
INFO 2023-10-20 09:35:19 - Other_utils.py:543 - mut_result:AFRM set layers failure!
INFO 2023-10-20 09:35:19 - Other_utils.py:544 - 34 generation!

INFO 2023-10-20 09:35:19 - mutation_rq1.py:498 - execution_traces:[1, 2, 3, 4, 5, 6, 7, 8, 9, 10, 11, 12, 13, 14, 15, 16, 17, 18, 19, 20, 21, 22, 23, 24, 25, 26, 27, 28, 29, 30, 31, 32, 33]
ERROR 2023-10-20 09:35:19 - log.py:73 - can't convert cuda:2 device type tensor to numpy. Use Tensor.cpu() to copy the tensor to host memory first.
WARNING 2023-10-20 09:35:19 - log.py:88 - [*User Warning*] The returned result cannot be compared normally, the result index is 0
INFO 2023-10-20 09:35:19 - mutation_rq1.py:482 - ================== start 35 generation!(35/50) ==================
INFO 2023-10-20 09:35:19 - model_mutation_operators.py:786 - Adopt RA mut_strategy!
INFO 2023-10-20 09:35:19 - model_mutation_operators.py:856 - candidate_in_mutlayers_indice:-1
INFO 2023-10-20 09:35:19 - model_mutation_operators.py:864 - select layer: layer1.1 layer_type: <class 'mindspore.nn.layer.activation.ReLU'> in_shape: [2, 96, 51, 3] out_shape: [2, 96, 51, 3]
INFO 2023-10-20 09:35:19 - model_mutation_operators.py:865 - mut Basic type: True
INFO 2023-10-20 09:35:19 - model_mutation_operators.py:866 - add Basic layer : Basic_op
INFO 2023-10-20 09:35:19 - model_mutation_operators.py:875 - select insert layer: Sigmoid<>
INFO 2023-10-20 09:35:19 - model_mutation_operators.py:881 - insert_layer_outshape equal!
INFO 2023-10-20 09:35:19 - Other_utils.py:541 - Failed to set layer: layer1.1!
INFO 2023-10-20 09:35:19 - Other_utils.py:542 - The 'TextCNN' object has no attribute 'origin_layer_names'.
INFO 2023-10-20 09:35:19 - Other_utils.py:543 - mut_result:RA set layers failure!
INFO 2023-10-20 09:35:19 - Other_utils.py:544 - 35 generation!

INFO 2023-10-20 09:35:19 - mutation_rq1.py:498 - execution_traces:[1, 2, 3, 4, 5, 6, 7, 8, 9, 10, 11, 12, 13, 14, 15, 16, 17, 18, 19, 20, 21, 22, 23, 24, 25, 26, 27, 28, 29, 30, 31, 32, 33, 34]
ERROR 2023-10-20 09:35:19 - log.py:73 - can't convert cuda:2 device type tensor to numpy. Use Tensor.cpu() to copy the tensor to host memory first.
WARNING 2023-10-20 09:35:19 - log.py:88 - [*User Warning*] The returned result cannot be compared normally, the result index is 0
INFO 2023-10-20 09:35:19 - mutation_rq1.py:482 - ================== start 36 generation!(36/50) ==================
INFO 2023-10-20 09:35:19 - model_mutation_operators.py:207 - Adopt AFRM mut_strategy!
INFO 2023-10-20 09:35:19 - model_mutation_operators.py:236 - delete layer_name:layer1.1
INFO 2023-10-20 09:35:19 - model_mutation_operators.py:286 - candidate_in_mutlayers_indice:-1
INFO 2023-10-20 09:35:19 - model_mutation_operators.py:290 - adopt DeleteCell EmptyCell
INFO 2023-10-20 09:35:19 - Other_utils.py:541 - Failed to set layer: layer1.1!
INFO 2023-10-20 09:35:19 - Other_utils.py:542 - The 'TextCNN' object has no attribute 'origin_layer_names'.
INFO 2023-10-20 09:35:19 - Other_utils.py:543 - mut_result:AFRM set layers failure!
INFO 2023-10-20 09:35:19 - Other_utils.py:544 - 36 generation!

INFO 2023-10-20 09:35:19 - mutation_rq1.py:498 - execution_traces:[1, 2, 3, 4, 5, 6, 7, 8, 9, 10, 11, 12, 13, 14, 15, 16, 17, 18, 19, 20, 21, 22, 23, 24, 25, 26, 27, 28, 29, 30, 31, 32, 33, 34, 35]
ERROR 2023-10-20 09:35:19 - log.py:73 - can't convert cuda:2 device type tensor to numpy. Use Tensor.cpu() to copy the tensor to host memory first.
WARNING 2023-10-20 09:35:19 - log.py:88 - [*User Warning*] The returned result cannot be compared normally, the result index is 0
INFO 2023-10-20 09:35:19 - mutation_rq1.py:482 - ================== start 37 generation!(37/50) ==================
INFO 2023-10-20 09:35:19 - model_mutation_operators.py:1065 - Adopt NS mut_strategy!
INFO 2023-10-20 09:35:19 - model_mutation_operators.py:1105 - candidate_in_mutlayers_indice:-1
INFO 2023-10-20 09:35:19 - model_mutation_operators.py:1127 - select layer:layer2.0  layer_type:Conv2d
INFO 2023-10-20 09:35:19 - model_mutation_operators.py:1191 - mut_result:True
INFO 2023-10-20 09:35:19 - model_mutation_operators.py:1192 - 37 generation!

INFO 2023-10-20 09:35:19 - mutation_rq1.py:491 - 1:True
INFO 2023-10-20 09:35:19 - mutation_rq1.py:482 - ================== start 38 generation!(38/50) ==================
INFO 2023-10-20 09:35:20 - model_mutation_operators.py:1314 - Adopt NEB mut_strategy!
INFO 2023-10-20 09:35:20 - model_mutation_operators.py:1352 - candidate_in_mutlayers_indice:-1
INFO 2023-10-20 09:35:20 - model_mutation_operators.py:1381 - select layer:layer3.0  layer_type:Conv2d
INFO 2023-10-20 09:35:20 - model_mutation_operators.py:1432 - mut_result:True
INFO 2023-10-20 09:35:20 - model_mutation_operators.py:1433 - 38 generation!
INFO 2023-10-20 09:35:20 - mutation_rq1.py:491 - 1:True
INFO 2023-10-20 09:35:20 - mutation_rq1.py:482 - ================== start 39 generation!(39/50) ==================
INFO 2023-10-20 09:35:20 - model_mutation_operators.py:33 - Adopt LD mut_strategy!
INFO 2023-10-20 09:35:20 - model_mutation_operators.py:64 - delete layer_name:layer2.1
INFO 2023-10-20 09:35:20 - model_mutation_operators.py:113 - candidate_in_mutlayers_indice:-1
INFO 2023-10-20 09:35:20 - model_mutation_operators.py:117 - adopt DeleteCell EmptyCell
INFO 2023-10-20 09:35:20 - model_mutation_operators.py:198 - mut_result:True
INFO 2023-10-20 09:35:20 - model_mutation_operators.py:199 - 39 generation!

INFO 2023-10-20 09:35:20 - mutation_rq1.py:491 - 1:True
INFO 2023-10-20 09:35:20 - mutation_rq1.py:482 - ================== start 40 generation!(40/50) ==================
INFO 2023-10-20 09:35:20 - model_mutation_operators.py:643 - Adopt LC mut_strategy!
INFO 2023-10-20 09:35:20 - model_mutation_operators.py:727 - candidate_in_mutlayers_indice:-1
INFO 2023-10-20 09:35:20 - model_mutation_operators.py:730 - select layer: layer1.1 layer_type: <class 'mindspore.nn.layer.activation.ReLU'> in_shape: (2, 96, 51, 3) out_shape: (2, 96, 51, 3)
INFO 2023-10-20 09:35:20 - model_mutation_operators.py:731 - mut Basic type: True
INFO 2023-10-20 09:35:20 - model_mutation_operators.py:732 - add Basic layer : 
INFO 2023-10-20 09:35:20 - model_mutation_operators.py:733 - select insert layer: ReLU<>
INFO 2023-10-20 09:35:20 - Other_utils.py:541 - Failed to set layer: layer1.1!
INFO 2023-10-20 09:35:20 - Other_utils.py:542 - The 'TextCNN' object has no attribute 'origin_layer_names'.
INFO 2023-10-20 09:35:20 - Other_utils.py:543 - mut_result:LC set layers failure!
INFO 2023-10-20 09:35:20 - Other_utils.py:544 - 40 generation!

INFO 2023-10-20 09:35:20 - mutation_rq1.py:498 - execution_traces:[1, 2, 3, 4, 5, 6, 7, 8, 9, 10, 11, 12, 13, 14, 15, 16, 17, 18, 19, 20, 21, 22, 23, 24, 25, 26, 27, 28, 29, 30, 31, 32, 33, 34, 35, 36, 37, 38, 39]
ERROR 2023-10-20 09:35:20 - log.py:73 - can't convert cuda:2 device type tensor to numpy. Use Tensor.cpu() to copy the tensor to host memory first.
WARNING 2023-10-20 09:35:20 - log.py:88 - [*User Warning*] The returned result cannot be compared normally, the result index is 0
INFO 2023-10-20 09:35:20 - mutation_rq1.py:482 - ================== start 41 generation!(41/50) ==================
INFO 2023-10-20 09:35:20 - model_mutation_operators.py:1441 - Adopt NAI mut_strategy!
INFO 2023-10-20 09:35:20 - model_mutation_operators.py:1477 - candidate_in_mutlayers_indice:-1
INFO 2023-10-20 09:35:20 - model_mutation_operators.py:1503 - select layer:layer1.0  layer_type:Conv2d
INFO 2023-10-20 09:35:20 - model_mutation_operators.py:1555 - mut_result:True
INFO 2023-10-20 09:35:20 - model_mutation_operators.py:1556 - 41 generation!

INFO 2023-10-20 09:35:20 - mutation_rq1.py:491 - 1:True
INFO 2023-10-20 09:35:20 - mutation_rq1.py:482 - ================== start 42 generation!(42/50) ==================
INFO 2023-10-20 09:35:20 - model_mutation_operators.py:786 - Adopt RA mut_strategy!
INFO 2023-10-20 09:35:20 - model_mutation_operators.py:856 - candidate_in_mutlayers_indice:-1
INFO 2023-10-20 09:35:20 - model_mutation_operators.py:864 - select layer: layer1.1 layer_type: <class 'mindspore.nn.layer.activation.ReLU'> in_shape: [2, 96, 51, 3] out_shape: [2, 96, 51, 3]
INFO 2023-10-20 09:35:20 - model_mutation_operators.py:865 - mut Basic type: True
INFO 2023-10-20 09:35:20 - model_mutation_operators.py:866 - add Basic layer : Basic_op
INFO 2023-10-20 09:35:20 - model_mutation_operators.py:875 - select insert layer: ReLU<>
INFO 2023-10-20 09:35:20 - model_mutation_operators.py:881 - insert_layer_outshape equal!
INFO 2023-10-20 09:35:20 - Other_utils.py:541 - Failed to set layer: layer1.1!
INFO 2023-10-20 09:35:20 - Other_utils.py:542 - The 'TextCNN' object has no attribute 'origin_layer_names'.
INFO 2023-10-20 09:35:20 - Other_utils.py:543 - mut_result:RA set layers failure!
INFO 2023-10-20 09:35:20 - Other_utils.py:544 - 42 generation!

INFO 2023-10-20 09:35:20 - mutation_rq1.py:498 - execution_traces:[1, 2, 3, 4, 5, 6, 7, 8, 9, 10, 11, 12, 13, 14, 15, 16, 17, 18, 19, 20, 21, 22, 23, 24, 25, 26, 27, 28, 29, 30, 31, 32, 33, 34, 35, 36, 37, 38, 39, 40, 41]
ERROR 2023-10-20 09:35:20 - log.py:73 - can't convert cuda:2 device type tensor to numpy. Use Tensor.cpu() to copy the tensor to host memory first.
WARNING 2023-10-20 09:35:20 - log.py:88 - [*User Warning*] The returned result cannot be compared normally, the result index is 0
INFO 2023-10-20 09:35:20 - mutation_rq1.py:482 - ================== start 43 generation!(43/50) ==================
INFO 2023-10-20 09:35:20 - model_mutation_operators.py:1202 - Adopt GF mut_strategy!
INFO 2023-10-20 09:35:20 - model_mutation_operators.py:1248 - candidate_in_mutlayers_indice:-1
INFO 2023-10-20 09:35:20 - model_mutation_operators.py:1261 - select layer:layer2.2  layer_type:MaxPool2d
INFO 2023-10-20 09:35:20 - model_mutation_operators.py:1302 - mut_result:True
INFO 2023-10-20 09:35:20 - model_mutation_operators.py:1303 - 43 generation!

INFO 2023-10-20 09:35:20 - mutation_rq1.py:491 - 1:True
INFO 2023-10-20 09:35:20 - mutation_rq1.py:482 - ================== start 44 generation!(44/50) ==================
INFO 2023-10-20 09:35:20 - model_mutation_operators.py:1441 - Adopt NAI mut_strategy!
INFO 2023-10-20 09:35:20 - model_mutation_operators.py:1477 - candidate_in_mutlayers_indice:-1
INFO 2023-10-20 09:35:20 - model_mutation_operators.py:1503 - select layer:layer3.0  layer_type:Conv2d
INFO 2023-10-20 09:35:20 - model_mutation_operators.py:1555 - mut_result:True
INFO 2023-10-20 09:35:20 - model_mutation_operators.py:1556 - 44 generation!

INFO 2023-10-20 09:35:20 - mutation_rq1.py:491 - 1:True
INFO 2023-10-20 09:35:20 - mutation_rq1.py:482 - ================== start 45 generation!(45/50) ==================
INFO 2023-10-20 09:35:20 - model_mutation_operators.py:33 - Adopt LD mut_strategy!
INFO 2023-10-20 09:35:20 - model_mutation_operators.py:64 - delete layer_name:layer3.1
INFO 2023-10-20 09:35:20 - model_mutation_operators.py:113 - candidate_in_mutlayers_indice:-1
INFO 2023-10-20 09:35:21 - model_mutation_operators.py:117 - adopt DeleteCell EmptyCell
INFO 2023-10-20 09:35:21 - model_mutation_operators.py:198 - mut_result:True
INFO 2023-10-20 09:35:21 - model_mutation_operators.py:199 - 45 generation!

INFO 2023-10-20 09:35:21 - mutation_rq1.py:491 - 1:True
INFO 2023-10-20 09:35:21 - mutation_rq1.py:482 - ================== start 46 generation!(46/50) ==================
INFO 2023-10-20 09:35:21 - model_mutation_operators.py:1202 - Adopt GF mut_strategy!
INFO 2023-10-20 09:35:21 - model_mutation_operators.py:1248 - candidate_in_mutlayers_indice:-1
INFO 2023-10-20 09:35:21 - model_mutation_operators.py:1261 - select layer:embedding  layer_type:Embedding
INFO 2023-10-20 09:35:21 - model_mutation_operators.py:1302 - mut_result:True
INFO 2023-10-20 09:35:21 - model_mutation_operators.py:1303 - 46 generation!

INFO 2023-10-20 09:35:21 - mutation_rq1.py:491 - 1:True
INFO 2023-10-20 09:35:21 - mutation_rq1.py:482 - ================== start 47 generation!(47/50) ==================
INFO 2023-10-20 09:35:21 - model_mutation_operators.py:33 - Adopt LD mut_strategy!
INFO 2023-10-20 09:35:21 - model_mutation_operators.py:70 - No suitable ops for LD mutation!
INFO 2023-10-20 09:35:21 - model_mutation_operators.py:74 - mut_result:No suitable ops for LD mutation!
INFO 2023-10-20 09:35:21 - model_mutation_operators.py:75 - 47 generation!

INFO 2023-10-20 09:35:21 - mutation_rq1.py:498 - execution_traces:[1, 2, 3, 4, 5, 6, 7, 8, 9, 10, 11, 12, 13, 14, 15, 16, 17, 18, 19, 20, 21, 22, 23, 24, 25, 26, 27, 28, 29, 30, 31, 32, 33, 34, 35, 36, 37, 38, 39, 40, 41, 42, 43, 44, 45, 46]
ERROR 2023-10-20 09:35:21 - log.py:73 - can't convert cuda:2 device type tensor to numpy. Use Tensor.cpu() to copy the tensor to host memory first.
WARNING 2023-10-20 09:35:21 - log.py:88 - [*User Warning*] The returned result cannot be compared normally, the result index is 0
INFO 2023-10-20 09:35:21 - mutation_rq1.py:482 - ================== start 48 generation!(48/50) ==================
INFO 2023-10-20 09:35:21 - model_mutation_operators.py:1441 - Adopt NAI mut_strategy!
INFO 2023-10-20 09:35:21 - model_mutation_operators.py:1477 - candidate_in_mutlayers_indice:-1
INFO 2023-10-20 09:35:21 - model_mutation_operators.py:1477 - candidate_in_mutlayers_indice:-1
INFO 2023-10-20 09:35:21 - model_mutation_operators.py:1477 - candidate_in_mutlayers_indice:-1
INFO 2023-10-20 09:35:21 - model_mutation_operators.py:1477 - candidate_in_mutlayers_indice:-1
INFO 2023-10-20 09:35:21 - model_mutation_operators.py:1503 - select layer:layer3.0  layer_type:Conv2d
INFO 2023-10-20 09:35:21 - model_mutation_operators.py:1555 - mut_result:True
INFO 2023-10-20 09:35:21 - model_mutation_operators.py:1556 - 48 generation!

INFO 2023-10-20 09:35:21 - mutation_rq1.py:491 - 1:True
INFO 2023-10-20 09:35:21 - mutation_rq1.py:482 - ================== start 49 generation!(49/50) ==================
INFO 2023-10-20 09:35:21 - model_mutation_operators.py:1314 - Adopt NEB mut_strategy!
INFO 2023-10-20 09:35:21 - model_mutation_operators.py:1352 - candidate_in_mutlayers_indice:-1
INFO 2023-10-20 09:35:21 - model_mutation_operators.py:1381 - select layer:layer3.0  layer_type:Conv2d
INFO 2023-10-20 09:35:21 - model_mutation_operators.py:1432 - mut_result:True
INFO 2023-10-20 09:35:21 - model_mutation_operators.py:1433 - 49 generation!
INFO 2023-10-20 09:35:21 - mutation_rq1.py:491 - 1:True
INFO 2023-10-20 09:35:21 - mutation_rq1.py:482 - ================== start 50 generation!(50/50) ==================
INFO 2023-10-20 09:35:22 - model_mutation_operators.py:1314 - Adopt NEB mut_strategy!
INFO 2023-10-20 09:35:22 - model_mutation_operators.py:1352 - candidate_in_mutlayers_indice:-1
INFO 2023-10-20 09:35:22 - model_mutation_operators.py:1381 - select layer:layer3.0  layer_type:Conv2d
INFO 2023-10-20 09:35:22 - model_mutation_operators.py:1432 - mut_result:True
INFO 2023-10-20 09:35:22 - model_mutation_operators.py:1433 - 50 generation!
INFO 2023-10-20 09:35:22 - mutation_rq1.py:491 - 1:True
INFO 2023-10-20 09:35:22 - mutation_rq1.py:506 - mutation_scores: [0.0, -100, 0.0, 0.0, -100, 0.45564756, 0.80388147, 0.84980977, 0.84961474, 0.84961474, 1.307246, 1.3080828, 1.3080828, -100, 1.3080828, 1.4315798, 1.4316041, 1.4315798, -100, 1.4317745, 1.4317745, 1.431608, -100, -100, 1.5213331, 1.5213331, -100, -100, 1.6240991, -100, -100, -100, -100, -100, -100, -100, 1.6402881, 1.6888756, 1.6888756, -100, 1.6775649, -100, 1.6775649, 1.6775649, 1.6775649, 1.676585, -100, 1.7036308, 1.671921, 1.7250382]
INFO 2023-10-20 09:35:22 - mutation_rq1.py:476 - mutation iteration:50, mutation success:32

INFO 2023-10-20 09:35:22 - mutation_rq1.py:477 - mutation type:{'AFRM': 0, 'LA': 0, 'LD': 6, 'LC': 2, 'LS': 0, 'RA': 1, 'WS': 3, 'NS': 6, 'NAI': 5, 'NEB': 5, 'GF': 4}

INFO 2023-10-20 09:35:22 - mutation_rq1.py:1405 - Stage2: select models by mutation score
ERROR 2023-10-20 09:35:23 - log.py:73 - can't convert cuda:2 device type tensor to numpy. Use Tensor.cpu() to copy the tensor to host memory first.
WARNING 2023-10-20 09:35:23 - log.py:88 - [*User Warning*] The returned result cannot be compared normally, the result index is 0
INFO 2023-10-20 09:35:23 - model_mutation_operators_follow_log.py:994 - ms_mut_result: True
INFO 2023-10-20 09:35:23 - model_mutation_operators_follow_log.py:995 - generation: 1
INFO 2023-10-20 09:35:23 - model_mutation_operators_follow_log.py:1194 - ms_mut_result: True
INFO 2023-10-20 09:35:23 - model_mutation_operators_follow_log.py:1195 - generation: 3
INFO 2023-10-20 09:35:23 - model_mutation_operators_follow_log.py:1194 - ms_mut_result: True
INFO 2023-10-20 09:35:23 - model_mutation_operators_follow_log.py:1195 - generation: 4
INFO 2023-10-20 09:35:23 - mutation_main_followlog.py:175 - torch_mut_result: True
INFO 2023-10-20 09:35:23 - mutation_main_followlog.py:387 - torch_mut_result: True
INFO 2023-10-20 09:35:23 - mutation_main_followlog.py:387 - torch_mut_result: True
ERROR 2023-10-20 09:35:24 - log.py:73 - can't convert cuda:2 device type tensor to numpy. Use Tensor.cpu() to copy the tensor to host memory first.
WARNING 2023-10-20 09:35:24 - log.py:88 - [*User Warning*] The returned result cannot be compared normally, the result index is 0
INFO 2023-10-20 09:35:24 - model_mutation_operators_follow_log.py:994 - ms_mut_result: True
INFO 2023-10-20 09:35:24 - model_mutation_operators_follow_log.py:995 - generation: 1
INFO 2023-10-20 09:35:24 - model_mutation_operators_follow_log.py:1194 - ms_mut_result: True
INFO 2023-10-20 09:35:24 - model_mutation_operators_follow_log.py:1195 - generation: 3
INFO 2023-10-20 09:35:24 - model_mutation_operators_follow_log.py:1194 - ms_mut_result: True
INFO 2023-10-20 09:35:24 - model_mutation_operators_follow_log.py:1195 - generation: 4
INFO 2023-10-20 09:35:24 - model_mutation_operators_follow_log.py:1112 - ms_mut_result: True
INFO 2023-10-20 09:35:24 - model_mutation_operators_follow_log.py:1113 - generation: 6
INFO 2023-10-20 09:35:24 - model_mutation_operators_follow_log.py:1112 - ms_mut_result: True
INFO 2023-10-20 09:35:24 - model_mutation_operators_follow_log.py:1113 - generation: 7
INFO 2023-10-20 09:35:24 - model_mutation_operators_follow_log.py:1112 - ms_mut_result: True
INFO 2023-10-20 09:35:24 - model_mutation_operators_follow_log.py:1113 - generation: 8
INFO 2023-10-20 09:35:24 - model_mutation_operators_follow_log.py:1112 - ms_mut_result: True
INFO 2023-10-20 09:35:24 - model_mutation_operators_follow_log.py:1113 - generation: 9
INFO 2023-10-20 09:35:24 - model_mutation_operators_follow_log.py:994 - ms_mut_result: True
INFO 2023-10-20 09:35:24 - model_mutation_operators_follow_log.py:995 - generation: 10
INFO 2023-10-20 09:35:24 - mutation_main_followlog.py:175 - torch_mut_result: True
INFO 2023-10-20 09:35:24 - mutation_main_followlog.py:387 - torch_mut_result: True
INFO 2023-10-20 09:35:24 - mutation_main_followlog.py:387 - torch_mut_result: True
INFO 2023-10-20 09:35:24 - mutation_main_followlog.py:291 - torch_mut_result: True
INFO 2023-10-20 09:35:24 - mutation_main_followlog.py:291 - torch_mut_result: True
INFO 2023-10-20 09:35:24 - mutation_main_followlog.py:291 - torch_mut_result: True
INFO 2023-10-20 09:35:24 - mutation_main_followlog.py:291 - torch_mut_result: True
INFO 2023-10-20 09:35:24 - mutation_main_followlog.py:175 - torch_mut_result: True
ERROR 2023-10-20 09:35:25 - log.py:73 - can't convert cuda:2 device type tensor to numpy. Use Tensor.cpu() to copy the tensor to host memory first.
WARNING 2023-10-20 09:35:25 - log.py:88 - [*User Warning*] The returned result cannot be compared normally, the result index is 0
INFO 2023-10-20 09:35:25 - model_mutation_operators_follow_log.py:994 - ms_mut_result: True
INFO 2023-10-20 09:35:25 - model_mutation_operators_follow_log.py:995 - generation: 1
INFO 2023-10-20 09:35:25 - model_mutation_operators_follow_log.py:1194 - ms_mut_result: True
INFO 2023-10-20 09:35:25 - model_mutation_operators_follow_log.py:1195 - generation: 3
INFO 2023-10-20 09:35:25 - model_mutation_operators_follow_log.py:1194 - ms_mut_result: True
INFO 2023-10-20 09:35:25 - model_mutation_operators_follow_log.py:1195 - generation: 4
INFO 2023-10-20 09:35:25 - model_mutation_operators_follow_log.py:1112 - ms_mut_result: True
INFO 2023-10-20 09:35:25 - model_mutation_operators_follow_log.py:1113 - generation: 6
INFO 2023-10-20 09:35:25 - model_mutation_operators_follow_log.py:1112 - ms_mut_result: True
INFO 2023-10-20 09:35:25 - model_mutation_operators_follow_log.py:1113 - generation: 7
INFO 2023-10-20 09:35:25 - model_mutation_operators_follow_log.py:1112 - ms_mut_result: True
INFO 2023-10-20 09:35:25 - model_mutation_operators_follow_log.py:1113 - generation: 8
INFO 2023-10-20 09:35:25 - model_mutation_operators_follow_log.py:1112 - ms_mut_result: True
INFO 2023-10-20 09:35:25 - model_mutation_operators_follow_log.py:1113 - generation: 9
INFO 2023-10-20 09:35:25 - model_mutation_operators_follow_log.py:994 - ms_mut_result: True
INFO 2023-10-20 09:35:25 - model_mutation_operators_follow_log.py:995 - generation: 10
INFO 2023-10-20 09:35:25 - model_mutation_operators_follow_log.py:1112 - ms_mut_result: True
INFO 2023-10-20 09:35:25 - model_mutation_operators_follow_log.py:1113 - generation: 11
INFO 2023-10-20 09:35:25 - model_mutation_operators_follow_log.py:1112 - ms_mut_result: True
INFO 2023-10-20 09:35:25 - model_mutation_operators_follow_log.py:1113 - generation: 12
INFO 2023-10-20 09:35:25 - model_mutation_operators_follow_log.py:1194 - ms_mut_result: True
INFO 2023-10-20 09:35:25 - model_mutation_operators_follow_log.py:1195 - generation: 13
INFO 2023-10-20 09:35:25 - model_mutation_operators_follow_log.py:994 - ms_mut_result: True
INFO 2023-10-20 09:35:25 - model_mutation_operators_follow_log.py:995 - generation: 15
INFO 2023-10-20 09:35:25 - mutation_main_followlog.py:175 - torch_mut_result: True
INFO 2023-10-20 09:35:25 - mutation_main_followlog.py:387 - torch_mut_result: True
INFO 2023-10-20 09:35:25 - mutation_main_followlog.py:387 - torch_mut_result: True
INFO 2023-10-20 09:35:25 - mutation_main_followlog.py:291 - torch_mut_result: True
INFO 2023-10-20 09:35:25 - mutation_main_followlog.py:291 - torch_mut_result: True
INFO 2023-10-20 09:35:25 - mutation_main_followlog.py:291 - torch_mut_result: True
INFO 2023-10-20 09:35:25 - mutation_main_followlog.py:291 - torch_mut_result: True
INFO 2023-10-20 09:35:25 - mutation_main_followlog.py:175 - torch_mut_result: True
INFO 2023-10-20 09:35:25 - mutation_main_followlog.py:291 - torch_mut_result: True
INFO 2023-10-20 09:35:25 - mutation_main_followlog.py:291 - torch_mut_result: True
INFO 2023-10-20 09:35:25 - mutation_main_followlog.py:387 - torch_mut_result: True
INFO 2023-10-20 09:35:25 - mutation_main_followlog.py:175 - torch_mut_result: True
ERROR 2023-10-20 09:35:27 - log.py:73 - can't convert cuda:2 device type tensor to numpy. Use Tensor.cpu() to copy the tensor to host memory first.
WARNING 2023-10-20 09:35:27 - log.py:88 - [*User Warning*] The returned result cannot be compared normally, the result index is 0
INFO 2023-10-20 09:35:27 - model_mutation_operators_follow_log.py:994 - ms_mut_result: True
INFO 2023-10-20 09:35:27 - model_mutation_operators_follow_log.py:995 - generation: 1
INFO 2023-10-20 09:35:27 - model_mutation_operators_follow_log.py:1194 - ms_mut_result: True
INFO 2023-10-20 09:35:27 - model_mutation_operators_follow_log.py:1195 - generation: 3
INFO 2023-10-20 09:35:27 - model_mutation_operators_follow_log.py:1194 - ms_mut_result: True
INFO 2023-10-20 09:35:27 - model_mutation_operators_follow_log.py:1195 - generation: 4
INFO 2023-10-20 09:35:27 - model_mutation_operators_follow_log.py:1112 - ms_mut_result: True
INFO 2023-10-20 09:35:27 - model_mutation_operators_follow_log.py:1113 - generation: 6
INFO 2023-10-20 09:35:27 - model_mutation_operators_follow_log.py:1112 - ms_mut_result: True
INFO 2023-10-20 09:35:27 - model_mutation_operators_follow_log.py:1113 - generation: 7
INFO 2023-10-20 09:35:27 - model_mutation_operators_follow_log.py:1112 - ms_mut_result: True
INFO 2023-10-20 09:35:27 - model_mutation_operators_follow_log.py:1113 - generation: 8
INFO 2023-10-20 09:35:27 - model_mutation_operators_follow_log.py:1112 - ms_mut_result: True
INFO 2023-10-20 09:35:27 - model_mutation_operators_follow_log.py:1113 - generation: 9
INFO 2023-10-20 09:35:27 - model_mutation_operators_follow_log.py:994 - ms_mut_result: True
INFO 2023-10-20 09:35:27 - model_mutation_operators_follow_log.py:995 - generation: 10
INFO 2023-10-20 09:35:27 - model_mutation_operators_follow_log.py:1112 - ms_mut_result: True
INFO 2023-10-20 09:35:27 - model_mutation_operators_follow_log.py:1113 - generation: 11
INFO 2023-10-20 09:35:27 - model_mutation_operators_follow_log.py:1112 - ms_mut_result: True
INFO 2023-10-20 09:35:27 - model_mutation_operators_follow_log.py:1113 - generation: 12
INFO 2023-10-20 09:35:27 - model_mutation_operators_follow_log.py:1194 - ms_mut_result: True
INFO 2023-10-20 09:35:27 - model_mutation_operators_follow_log.py:1195 - generation: 13
INFO 2023-10-20 09:35:27 - model_mutation_operators_follow_log.py:994 - ms_mut_result: True
INFO 2023-10-20 09:35:27 - model_mutation_operators_follow_log.py:995 - generation: 15
INFO 2023-10-20 09:35:27 - model_mutation_operators_follow_log.py:1112 - ms_mut_result: True
INFO 2023-10-20 09:35:27 - model_mutation_operators_follow_log.py:1113 - generation: 16
INFO 2023-10-20 09:35:27 - model_mutation_operators_follow_log.py:1112 - ms_mut_result: True
INFO 2023-10-20 09:35:27 - model_mutation_operators_follow_log.py:1113 - generation: 17
INFO 2023-10-20 09:35:27 - model_mutation_operators_follow_log.py:1112 - ms_mut_result: True
INFO 2023-10-20 09:35:27 - model_mutation_operators_follow_log.py:1113 - generation: 18
INFO 2023-10-20 09:35:27 - model_mutation_operators_follow_log.py:1112 - ms_mut_result: True
INFO 2023-10-20 09:35:27 - model_mutation_operators_follow_log.py:1113 - generation: 20
INFO 2023-10-20 09:35:27 - mutation_main_followlog.py:175 - torch_mut_result: True
INFO 2023-10-20 09:35:27 - mutation_main_followlog.py:387 - torch_mut_result: True
INFO 2023-10-20 09:35:27 - mutation_main_followlog.py:387 - torch_mut_result: True
INFO 2023-10-20 09:35:27 - mutation_main_followlog.py:291 - torch_mut_result: True
INFO 2023-10-20 09:35:27 - mutation_main_followlog.py:291 - torch_mut_result: True
INFO 2023-10-20 09:35:27 - mutation_main_followlog.py:291 - torch_mut_result: True
INFO 2023-10-20 09:35:27 - mutation_main_followlog.py:291 - torch_mut_result: True
INFO 2023-10-20 09:35:27 - mutation_main_followlog.py:175 - torch_mut_result: True
INFO 2023-10-20 09:35:27 - mutation_main_followlog.py:291 - torch_mut_result: True
INFO 2023-10-20 09:35:27 - mutation_main_followlog.py:291 - torch_mut_result: True
INFO 2023-10-20 09:35:27 - mutation_main_followlog.py:387 - torch_mut_result: True
INFO 2023-10-20 09:35:27 - mutation_main_followlog.py:175 - torch_mut_result: True
INFO 2023-10-20 09:35:27 - mutation_main_followlog.py:291 - torch_mut_result: True
INFO 2023-10-20 09:35:27 - mutation_main_followlog.py:291 - torch_mut_result: True
INFO 2023-10-20 09:35:27 - mutation_main_followlog.py:291 - torch_mut_result: True
INFO 2023-10-20 09:35:27 - mutation_main_followlog.py:291 - torch_mut_result: True
ERROR 2023-10-20 09:35:28 - log.py:73 - can't convert cuda:2 device type tensor to numpy. Use Tensor.cpu() to copy the tensor to host memory first.
WARNING 2023-10-20 09:35:28 - log.py:88 - [*User Warning*] The returned result cannot be compared normally, the result index is 0
INFO 2023-10-20 09:35:28 - model_mutation_operators_follow_log.py:994 - ms_mut_result: True
INFO 2023-10-20 09:35:28 - model_mutation_operators_follow_log.py:995 - generation: 1
INFO 2023-10-20 09:35:28 - model_mutation_operators_follow_log.py:1194 - ms_mut_result: True
INFO 2023-10-20 09:35:28 - model_mutation_operators_follow_log.py:1195 - generation: 3
INFO 2023-10-20 09:35:28 - model_mutation_operators_follow_log.py:1194 - ms_mut_result: True
INFO 2023-10-20 09:35:28 - model_mutation_operators_follow_log.py:1195 - generation: 4
INFO 2023-10-20 09:35:28 - model_mutation_operators_follow_log.py:1112 - ms_mut_result: True
INFO 2023-10-20 09:35:28 - model_mutation_operators_follow_log.py:1113 - generation: 6
INFO 2023-10-20 09:35:28 - model_mutation_operators_follow_log.py:1112 - ms_mut_result: True
INFO 2023-10-20 09:35:28 - model_mutation_operators_follow_log.py:1113 - generation: 7
INFO 2023-10-20 09:35:28 - model_mutation_operators_follow_log.py:1112 - ms_mut_result: True
INFO 2023-10-20 09:35:28 - model_mutation_operators_follow_log.py:1113 - generation: 8
INFO 2023-10-20 09:35:28 - model_mutation_operators_follow_log.py:1112 - ms_mut_result: True
INFO 2023-10-20 09:35:28 - model_mutation_operators_follow_log.py:1113 - generation: 9
INFO 2023-10-20 09:35:28 - model_mutation_operators_follow_log.py:994 - ms_mut_result: True
INFO 2023-10-20 09:35:28 - model_mutation_operators_follow_log.py:995 - generation: 10
INFO 2023-10-20 09:35:28 - model_mutation_operators_follow_log.py:1112 - ms_mut_result: True
INFO 2023-10-20 09:35:28 - model_mutation_operators_follow_log.py:1113 - generation: 11
INFO 2023-10-20 09:35:28 - model_mutation_operators_follow_log.py:1112 - ms_mut_result: True
INFO 2023-10-20 09:35:28 - model_mutation_operators_follow_log.py:1113 - generation: 12
INFO 2023-10-20 09:35:28 - model_mutation_operators_follow_log.py:1194 - ms_mut_result: True
INFO 2023-10-20 09:35:28 - model_mutation_operators_follow_log.py:1195 - generation: 13
INFO 2023-10-20 09:35:28 - model_mutation_operators_follow_log.py:994 - ms_mut_result: True
INFO 2023-10-20 09:35:28 - model_mutation_operators_follow_log.py:995 - generation: 15
INFO 2023-10-20 09:35:28 - model_mutation_operators_follow_log.py:1112 - ms_mut_result: True
INFO 2023-10-20 09:35:28 - model_mutation_operators_follow_log.py:1113 - generation: 16
INFO 2023-10-20 09:35:28 - model_mutation_operators_follow_log.py:1112 - ms_mut_result: True
INFO 2023-10-20 09:35:28 - model_mutation_operators_follow_log.py:1113 - generation: 17
INFO 2023-10-20 09:35:28 - model_mutation_operators_follow_log.py:1112 - ms_mut_result: True
INFO 2023-10-20 09:35:28 - model_mutation_operators_follow_log.py:1113 - generation: 18
INFO 2023-10-20 09:35:28 - model_mutation_operators_follow_log.py:1112 - ms_mut_result: True
INFO 2023-10-20 09:35:28 - model_mutation_operators_follow_log.py:1113 - generation: 20
INFO 2023-10-20 09:35:28 - model_mutation_operators_follow_log.py:1112 - ms_mut_result: True
INFO 2023-10-20 09:35:28 - model_mutation_operators_follow_log.py:1113 - generation: 21
INFO 2023-10-20 09:35:28 - model_mutation_operators_follow_log.py:994 - ms_mut_result: True
INFO 2023-10-20 09:35:28 - model_mutation_operators_follow_log.py:995 - generation: 22
INFO 2023-10-20 09:35:28 - model_mutation_operators_follow_log.py:1112 - ms_mut_result: True
INFO 2023-10-20 09:35:28 - model_mutation_operators_follow_log.py:1113 - generation: 25
INFO 2023-10-20 09:35:28 - mutation_main_followlog.py:175 - torch_mut_result: True
INFO 2023-10-20 09:35:28 - mutation_main_followlog.py:387 - torch_mut_result: True
INFO 2023-10-20 09:35:28 - mutation_main_followlog.py:387 - torch_mut_result: True
INFO 2023-10-20 09:35:28 - mutation_main_followlog.py:291 - torch_mut_result: True
INFO 2023-10-20 09:35:28 - mutation_main_followlog.py:291 - torch_mut_result: True
INFO 2023-10-20 09:35:28 - mutation_main_followlog.py:291 - torch_mut_result: True
INFO 2023-10-20 09:35:28 - mutation_main_followlog.py:291 - torch_mut_result: True
INFO 2023-10-20 09:35:28 - mutation_main_followlog.py:175 - torch_mut_result: True
INFO 2023-10-20 09:35:28 - mutation_main_followlog.py:291 - torch_mut_result: True
INFO 2023-10-20 09:35:28 - mutation_main_followlog.py:291 - torch_mut_result: True
INFO 2023-10-20 09:35:28 - mutation_main_followlog.py:387 - torch_mut_result: True
INFO 2023-10-20 09:35:28 - mutation_main_followlog.py:175 - torch_mut_result: True
INFO 2023-10-20 09:35:28 - mutation_main_followlog.py:291 - torch_mut_result: True
INFO 2023-10-20 09:35:28 - mutation_main_followlog.py:291 - torch_mut_result: True
INFO 2023-10-20 09:35:28 - mutation_main_followlog.py:291 - torch_mut_result: True
INFO 2023-10-20 09:35:28 - mutation_main_followlog.py:291 - torch_mut_result: True
INFO 2023-10-20 09:35:28 - mutation_main_followlog.py:291 - torch_mut_result: True
INFO 2023-10-20 09:35:28 - mutation_main_followlog.py:175 - torch_mut_result: True
INFO 2023-10-20 09:35:28 - mutation_main_followlog.py:291 - torch_mut_result: True
ERROR 2023-10-20 09:35:29 - log.py:73 - can't convert cuda:2 device type tensor to numpy. Use Tensor.cpu() to copy the tensor to host memory first.
WARNING 2023-10-20 09:35:29 - log.py:88 - [*User Warning*] The returned result cannot be compared normally, the result index is 0
INFO 2023-10-20 09:35:29 - model_mutation_operators_follow_log.py:994 - ms_mut_result: True
INFO 2023-10-20 09:35:29 - model_mutation_operators_follow_log.py:995 - generation: 1
INFO 2023-10-20 09:35:29 - model_mutation_operators_follow_log.py:1194 - ms_mut_result: True
INFO 2023-10-20 09:35:29 - model_mutation_operators_follow_log.py:1195 - generation: 3
INFO 2023-10-20 09:35:29 - model_mutation_operators_follow_log.py:1194 - ms_mut_result: True
INFO 2023-10-20 09:35:29 - model_mutation_operators_follow_log.py:1195 - generation: 4
INFO 2023-10-20 09:35:29 - model_mutation_operators_follow_log.py:1112 - ms_mut_result: True
INFO 2023-10-20 09:35:29 - model_mutation_operators_follow_log.py:1113 - generation: 6
INFO 2023-10-20 09:35:29 - model_mutation_operators_follow_log.py:1112 - ms_mut_result: True
INFO 2023-10-20 09:35:29 - model_mutation_operators_follow_log.py:1113 - generation: 7
INFO 2023-10-20 09:35:29 - model_mutation_operators_follow_log.py:1112 - ms_mut_result: True
INFO 2023-10-20 09:35:29 - model_mutation_operators_follow_log.py:1113 - generation: 8
INFO 2023-10-20 09:35:29 - model_mutation_operators_follow_log.py:1112 - ms_mut_result: True
INFO 2023-10-20 09:35:29 - model_mutation_operators_follow_log.py:1113 - generation: 9
INFO 2023-10-20 09:35:29 - model_mutation_operators_follow_log.py:994 - ms_mut_result: True
INFO 2023-10-20 09:35:29 - model_mutation_operators_follow_log.py:995 - generation: 10
INFO 2023-10-20 09:35:29 - model_mutation_operators_follow_log.py:1112 - ms_mut_result: True
INFO 2023-10-20 09:35:29 - model_mutation_operators_follow_log.py:1113 - generation: 11
INFO 2023-10-20 09:35:29 - model_mutation_operators_follow_log.py:1112 - ms_mut_result: True
INFO 2023-10-20 09:35:29 - model_mutation_operators_follow_log.py:1113 - generation: 12
INFO 2023-10-20 09:35:29 - model_mutation_operators_follow_log.py:1194 - ms_mut_result: True
INFO 2023-10-20 09:35:29 - model_mutation_operators_follow_log.py:1195 - generation: 13
INFO 2023-10-20 09:35:29 - model_mutation_operators_follow_log.py:994 - ms_mut_result: True
INFO 2023-10-20 09:35:29 - model_mutation_operators_follow_log.py:995 - generation: 15
INFO 2023-10-20 09:35:29 - model_mutation_operators_follow_log.py:1112 - ms_mut_result: True
INFO 2023-10-20 09:35:29 - model_mutation_operators_follow_log.py:1113 - generation: 16
INFO 2023-10-20 09:35:29 - model_mutation_operators_follow_log.py:1112 - ms_mut_result: True
INFO 2023-10-20 09:35:29 - model_mutation_operators_follow_log.py:1113 - generation: 17
INFO 2023-10-20 09:35:29 - model_mutation_operators_follow_log.py:1112 - ms_mut_result: True
INFO 2023-10-20 09:35:29 - model_mutation_operators_follow_log.py:1113 - generation: 18
INFO 2023-10-20 09:35:29 - model_mutation_operators_follow_log.py:1112 - ms_mut_result: True
INFO 2023-10-20 09:35:29 - model_mutation_operators_follow_log.py:1113 - generation: 20
INFO 2023-10-20 09:35:29 - model_mutation_operators_follow_log.py:1112 - ms_mut_result: True
INFO 2023-10-20 09:35:29 - model_mutation_operators_follow_log.py:1113 - generation: 21
INFO 2023-10-20 09:35:29 - model_mutation_operators_follow_log.py:994 - ms_mut_result: True
INFO 2023-10-20 09:35:29 - model_mutation_operators_follow_log.py:995 - generation: 22
INFO 2023-10-20 09:35:29 - model_mutation_operators_follow_log.py:1112 - ms_mut_result: True
INFO 2023-10-20 09:35:29 - model_mutation_operators_follow_log.py:1113 - generation: 25
INFO 2023-10-20 09:35:29 - model_mutation_operators_follow_log.py:1112 - ms_mut_result: True
INFO 2023-10-20 09:35:29 - model_mutation_operators_follow_log.py:1113 - generation: 26
INFO 2023-10-20 09:35:29 - model_mutation_operators_follow_log.py:1112 - ms_mut_result: True
INFO 2023-10-20 09:35:29 - model_mutation_operators_follow_log.py:1113 - generation: 29
INFO 2023-10-20 09:35:29 - mutation_main_followlog.py:175 - torch_mut_result: True
INFO 2023-10-20 09:35:29 - mutation_main_followlog.py:387 - torch_mut_result: True
INFO 2023-10-20 09:35:29 - mutation_main_followlog.py:387 - torch_mut_result: True
INFO 2023-10-20 09:35:29 - mutation_main_followlog.py:291 - torch_mut_result: True
INFO 2023-10-20 09:35:29 - mutation_main_followlog.py:291 - torch_mut_result: True
INFO 2023-10-20 09:35:29 - mutation_main_followlog.py:291 - torch_mut_result: True
INFO 2023-10-20 09:35:29 - mutation_main_followlog.py:291 - torch_mut_result: True
INFO 2023-10-20 09:35:29 - mutation_main_followlog.py:175 - torch_mut_result: True
INFO 2023-10-20 09:35:29 - mutation_main_followlog.py:291 - torch_mut_result: True
INFO 2023-10-20 09:35:29 - mutation_main_followlog.py:291 - torch_mut_result: True
INFO 2023-10-20 09:35:29 - mutation_main_followlog.py:387 - torch_mut_result: True
INFO 2023-10-20 09:35:29 - mutation_main_followlog.py:175 - torch_mut_result: True
INFO 2023-10-20 09:35:29 - mutation_main_followlog.py:291 - torch_mut_result: True
INFO 2023-10-20 09:35:29 - mutation_main_followlog.py:291 - torch_mut_result: True
INFO 2023-10-20 09:35:29 - mutation_main_followlog.py:291 - torch_mut_result: True
INFO 2023-10-20 09:35:29 - mutation_main_followlog.py:291 - torch_mut_result: True
INFO 2023-10-20 09:35:29 - mutation_main_followlog.py:291 - torch_mut_result: True
INFO 2023-10-20 09:35:29 - mutation_main_followlog.py:175 - torch_mut_result: True
INFO 2023-10-20 09:35:29 - mutation_main_followlog.py:291 - torch_mut_result: True
INFO 2023-10-20 09:35:29 - mutation_main_followlog.py:291 - torch_mut_result: True
INFO 2023-10-20 09:35:29 - mutation_main_followlog.py:291 - torch_mut_result: True
ERROR 2023-10-20 09:35:30 - log.py:73 - can't convert cuda:2 device type tensor to numpy. Use Tensor.cpu() to copy the tensor to host memory first.
WARNING 2023-10-20 09:35:30 - log.py:88 - [*User Warning*] The returned result cannot be compared normally, the result index is 0
INFO 2023-10-20 09:35:30 - model_mutation_operators_follow_log.py:994 - ms_mut_result: True
INFO 2023-10-20 09:35:30 - model_mutation_operators_follow_log.py:995 - generation: 1
INFO 2023-10-20 09:35:30 - model_mutation_operators_follow_log.py:1194 - ms_mut_result: True
INFO 2023-10-20 09:35:30 - model_mutation_operators_follow_log.py:1195 - generation: 3
INFO 2023-10-20 09:35:30 - model_mutation_operators_follow_log.py:1194 - ms_mut_result: True
INFO 2023-10-20 09:35:30 - model_mutation_operators_follow_log.py:1195 - generation: 4
INFO 2023-10-20 09:35:30 - model_mutation_operators_follow_log.py:1112 - ms_mut_result: True
INFO 2023-10-20 09:35:30 - model_mutation_operators_follow_log.py:1113 - generation: 6
INFO 2023-10-20 09:35:30 - model_mutation_operators_follow_log.py:1112 - ms_mut_result: True
INFO 2023-10-20 09:35:30 - model_mutation_operators_follow_log.py:1113 - generation: 7
INFO 2023-10-20 09:35:30 - model_mutation_operators_follow_log.py:1112 - ms_mut_result: True
INFO 2023-10-20 09:35:30 - model_mutation_operators_follow_log.py:1113 - generation: 8
INFO 2023-10-20 09:35:30 - model_mutation_operators_follow_log.py:1112 - ms_mut_result: True
INFO 2023-10-20 09:35:30 - model_mutation_operators_follow_log.py:1113 - generation: 9
INFO 2023-10-20 09:35:30 - model_mutation_operators_follow_log.py:994 - ms_mut_result: True
INFO 2023-10-20 09:35:30 - model_mutation_operators_follow_log.py:995 - generation: 10
INFO 2023-10-20 09:35:30 - model_mutation_operators_follow_log.py:1112 - ms_mut_result: True
INFO 2023-10-20 09:35:30 - model_mutation_operators_follow_log.py:1113 - generation: 11
INFO 2023-10-20 09:35:30 - model_mutation_operators_follow_log.py:1112 - ms_mut_result: True
INFO 2023-10-20 09:35:30 - model_mutation_operators_follow_log.py:1113 - generation: 12
INFO 2023-10-20 09:35:30 - model_mutation_operators_follow_log.py:1194 - ms_mut_result: True
INFO 2023-10-20 09:35:30 - model_mutation_operators_follow_log.py:1195 - generation: 13
INFO 2023-10-20 09:35:30 - model_mutation_operators_follow_log.py:994 - ms_mut_result: True
INFO 2023-10-20 09:35:30 - model_mutation_operators_follow_log.py:995 - generation: 15
INFO 2023-10-20 09:35:30 - model_mutation_operators_follow_log.py:1112 - ms_mut_result: True
INFO 2023-10-20 09:35:30 - model_mutation_operators_follow_log.py:1113 - generation: 16
INFO 2023-10-20 09:35:30 - model_mutation_operators_follow_log.py:1112 - ms_mut_result: True
INFO 2023-10-20 09:35:30 - model_mutation_operators_follow_log.py:1113 - generation: 17
INFO 2023-10-20 09:35:30 - model_mutation_operators_follow_log.py:1112 - ms_mut_result: True
INFO 2023-10-20 09:35:30 - model_mutation_operators_follow_log.py:1113 - generation: 18
INFO 2023-10-20 09:35:30 - model_mutation_operators_follow_log.py:1112 - ms_mut_result: True
INFO 2023-10-20 09:35:30 - model_mutation_operators_follow_log.py:1113 - generation: 20
INFO 2023-10-20 09:35:30 - model_mutation_operators_follow_log.py:1112 - ms_mut_result: True
INFO 2023-10-20 09:35:30 - model_mutation_operators_follow_log.py:1113 - generation: 21
INFO 2023-10-20 09:35:30 - model_mutation_operators_follow_log.py:994 - ms_mut_result: True
INFO 2023-10-20 09:35:30 - model_mutation_operators_follow_log.py:995 - generation: 22
INFO 2023-10-20 09:35:30 - model_mutation_operators_follow_log.py:1112 - ms_mut_result: True
INFO 2023-10-20 09:35:30 - model_mutation_operators_follow_log.py:1113 - generation: 25
INFO 2023-10-20 09:35:30 - model_mutation_operators_follow_log.py:1112 - ms_mut_result: True
INFO 2023-10-20 09:35:30 - model_mutation_operators_follow_log.py:1113 - generation: 26
INFO 2023-10-20 09:35:30 - model_mutation_operators_follow_log.py:1112 - ms_mut_result: True
INFO 2023-10-20 09:35:30 - model_mutation_operators_follow_log.py:1113 - generation: 29
INFO 2023-10-20 09:35:30 - mutation_main_followlog.py:175 - torch_mut_result: True
INFO 2023-10-20 09:35:30 - mutation_main_followlog.py:387 - torch_mut_result: True
INFO 2023-10-20 09:35:30 - mutation_main_followlog.py:387 - torch_mut_result: True
INFO 2023-10-20 09:35:30 - mutation_main_followlog.py:291 - torch_mut_result: True
INFO 2023-10-20 09:35:30 - mutation_main_followlog.py:291 - torch_mut_result: True
INFO 2023-10-20 09:35:30 - mutation_main_followlog.py:291 - torch_mut_result: True
INFO 2023-10-20 09:35:30 - mutation_main_followlog.py:291 - torch_mut_result: True
INFO 2023-10-20 09:35:30 - mutation_main_followlog.py:175 - torch_mut_result: True
INFO 2023-10-20 09:35:30 - mutation_main_followlog.py:291 - torch_mut_result: True
INFO 2023-10-20 09:35:30 - mutation_main_followlog.py:291 - torch_mut_result: True
INFO 2023-10-20 09:35:30 - mutation_main_followlog.py:387 - torch_mut_result: True
INFO 2023-10-20 09:35:30 - mutation_main_followlog.py:175 - torch_mut_result: True
INFO 2023-10-20 09:35:30 - mutation_main_followlog.py:291 - torch_mut_result: True
INFO 2023-10-20 09:35:30 - mutation_main_followlog.py:291 - torch_mut_result: True
INFO 2023-10-20 09:35:30 - mutation_main_followlog.py:291 - torch_mut_result: True
INFO 2023-10-20 09:35:30 - mutation_main_followlog.py:291 - torch_mut_result: True
INFO 2023-10-20 09:35:30 - mutation_main_followlog.py:291 - torch_mut_result: True
INFO 2023-10-20 09:35:30 - mutation_main_followlog.py:175 - torch_mut_result: True
INFO 2023-10-20 09:35:30 - mutation_main_followlog.py:291 - torch_mut_result: True
INFO 2023-10-20 09:35:30 - mutation_main_followlog.py:291 - torch_mut_result: True
INFO 2023-10-20 09:35:30 - mutation_main_followlog.py:291 - torch_mut_result: True
ERROR 2023-10-20 09:35:32 - log.py:73 - can't convert cuda:2 device type tensor to numpy. Use Tensor.cpu() to copy the tensor to host memory first.
WARNING 2023-10-20 09:35:32 - log.py:88 - [*User Warning*] The returned result cannot be compared normally, the result index is 0
INFO 2023-10-20 09:35:32 - model_mutation_operators_follow_log.py:994 - ms_mut_result: True
INFO 2023-10-20 09:35:32 - model_mutation_operators_follow_log.py:995 - generation: 1
INFO 2023-10-20 09:35:32 - model_mutation_operators_follow_log.py:1194 - ms_mut_result: True
INFO 2023-10-20 09:35:32 - model_mutation_operators_follow_log.py:1195 - generation: 3
INFO 2023-10-20 09:35:32 - model_mutation_operators_follow_log.py:1194 - ms_mut_result: True
INFO 2023-10-20 09:35:32 - model_mutation_operators_follow_log.py:1195 - generation: 4
INFO 2023-10-20 09:35:32 - model_mutation_operators_follow_log.py:1112 - ms_mut_result: True
INFO 2023-10-20 09:35:32 - model_mutation_operators_follow_log.py:1113 - generation: 6
INFO 2023-10-20 09:35:32 - model_mutation_operators_follow_log.py:1112 - ms_mut_result: True
INFO 2023-10-20 09:35:32 - model_mutation_operators_follow_log.py:1113 - generation: 7
INFO 2023-10-20 09:35:32 - model_mutation_operators_follow_log.py:1112 - ms_mut_result: True
INFO 2023-10-20 09:35:32 - model_mutation_operators_follow_log.py:1113 - generation: 8
INFO 2023-10-20 09:35:32 - model_mutation_operators_follow_log.py:1112 - ms_mut_result: True
INFO 2023-10-20 09:35:32 - model_mutation_operators_follow_log.py:1113 - generation: 9
INFO 2023-10-20 09:35:32 - model_mutation_operators_follow_log.py:994 - ms_mut_result: True
INFO 2023-10-20 09:35:32 - model_mutation_operators_follow_log.py:995 - generation: 10
INFO 2023-10-20 09:35:32 - model_mutation_operators_follow_log.py:1112 - ms_mut_result: True
INFO 2023-10-20 09:35:32 - model_mutation_operators_follow_log.py:1113 - generation: 11
INFO 2023-10-20 09:35:32 - model_mutation_operators_follow_log.py:1112 - ms_mut_result: True
INFO 2023-10-20 09:35:32 - model_mutation_operators_follow_log.py:1113 - generation: 12
INFO 2023-10-20 09:35:32 - model_mutation_operators_follow_log.py:1194 - ms_mut_result: True
INFO 2023-10-20 09:35:32 - model_mutation_operators_follow_log.py:1195 - generation: 13
INFO 2023-10-20 09:35:32 - model_mutation_operators_follow_log.py:994 - ms_mut_result: True
INFO 2023-10-20 09:35:32 - model_mutation_operators_follow_log.py:995 - generation: 15
INFO 2023-10-20 09:35:32 - model_mutation_operators_follow_log.py:1112 - ms_mut_result: True
INFO 2023-10-20 09:35:32 - model_mutation_operators_follow_log.py:1113 - generation: 16
INFO 2023-10-20 09:35:32 - model_mutation_operators_follow_log.py:1112 - ms_mut_result: True
INFO 2023-10-20 09:35:32 - model_mutation_operators_follow_log.py:1113 - generation: 17
INFO 2023-10-20 09:35:32 - model_mutation_operators_follow_log.py:1112 - ms_mut_result: True
INFO 2023-10-20 09:35:32 - model_mutation_operators_follow_log.py:1113 - generation: 18
INFO 2023-10-20 09:35:32 - model_mutation_operators_follow_log.py:1112 - ms_mut_result: True
INFO 2023-10-20 09:35:32 - model_mutation_operators_follow_log.py:1113 - generation: 20
INFO 2023-10-20 09:35:32 - model_mutation_operators_follow_log.py:1112 - ms_mut_result: True
INFO 2023-10-20 09:35:32 - model_mutation_operators_follow_log.py:1113 - generation: 21
INFO 2023-10-20 09:35:32 - model_mutation_operators_follow_log.py:994 - ms_mut_result: True
INFO 2023-10-20 09:35:32 - model_mutation_operators_follow_log.py:995 - generation: 22
INFO 2023-10-20 09:35:32 - model_mutation_operators_follow_log.py:1112 - ms_mut_result: True
INFO 2023-10-20 09:35:32 - model_mutation_operators_follow_log.py:1113 - generation: 25
INFO 2023-10-20 09:35:32 - model_mutation_operators_follow_log.py:1112 - ms_mut_result: True
INFO 2023-10-20 09:35:32 - model_mutation_operators_follow_log.py:1113 - generation: 26
INFO 2023-10-20 09:35:32 - model_mutation_operators_follow_log.py:1112 - ms_mut_result: True
INFO 2023-10-20 09:35:32 - model_mutation_operators_follow_log.py:1113 - generation: 29
INFO 2023-10-20 09:35:32 - model_mutation_operators_follow_log.py:1112 - ms_mut_result: True
INFO 2023-10-20 09:35:32 - model_mutation_operators_follow_log.py:1113 - generation: 37
INFO 2023-10-20 09:35:32 - model_mutation_operators_follow_log.py:1112 - ms_mut_result: True
INFO 2023-10-20 09:35:32 - model_mutation_operators_follow_log.py:1113 - generation: 38
INFO 2023-10-20 09:35:32 - model_mutation_operators_follow_log.py:994 - ms_mut_result: True
INFO 2023-10-20 09:35:32 - model_mutation_operators_follow_log.py:995 - generation: 39
INFO 2023-10-20 09:35:32 - mutation_main_followlog.py:175 - torch_mut_result: True
INFO 2023-10-20 09:35:32 - mutation_main_followlog.py:387 - torch_mut_result: True
INFO 2023-10-20 09:35:32 - mutation_main_followlog.py:387 - torch_mut_result: True
INFO 2023-10-20 09:35:32 - mutation_main_followlog.py:291 - torch_mut_result: True
INFO 2023-10-20 09:35:32 - mutation_main_followlog.py:291 - torch_mut_result: True
INFO 2023-10-20 09:35:32 - mutation_main_followlog.py:291 - torch_mut_result: True
INFO 2023-10-20 09:35:32 - mutation_main_followlog.py:291 - torch_mut_result: True
INFO 2023-10-20 09:35:32 - mutation_main_followlog.py:175 - torch_mut_result: True
INFO 2023-10-20 09:35:32 - mutation_main_followlog.py:291 - torch_mut_result: True
INFO 2023-10-20 09:35:32 - mutation_main_followlog.py:291 - torch_mut_result: True
INFO 2023-10-20 09:35:32 - mutation_main_followlog.py:387 - torch_mut_result: True
INFO 2023-10-20 09:35:32 - mutation_main_followlog.py:175 - torch_mut_result: True
INFO 2023-10-20 09:35:32 - mutation_main_followlog.py:291 - torch_mut_result: True
INFO 2023-10-20 09:35:32 - mutation_main_followlog.py:291 - torch_mut_result: True
INFO 2023-10-20 09:35:32 - mutation_main_followlog.py:291 - torch_mut_result: True
INFO 2023-10-20 09:35:32 - mutation_main_followlog.py:291 - torch_mut_result: True
INFO 2023-10-20 09:35:32 - mutation_main_followlog.py:291 - torch_mut_result: True
INFO 2023-10-20 09:35:32 - mutation_main_followlog.py:175 - torch_mut_result: True
INFO 2023-10-20 09:35:32 - mutation_main_followlog.py:291 - torch_mut_result: True
INFO 2023-10-20 09:35:32 - mutation_main_followlog.py:291 - torch_mut_result: True
INFO 2023-10-20 09:35:32 - mutation_main_followlog.py:291 - torch_mut_result: True
INFO 2023-10-20 09:35:32 - mutation_main_followlog.py:291 - torch_mut_result: True
INFO 2023-10-20 09:35:32 - mutation_main_followlog.py:291 - torch_mut_result: True
INFO 2023-10-20 09:35:32 - mutation_main_followlog.py:175 - torch_mut_result: True
ERROR 2023-10-20 09:35:33 - log.py:73 - can't convert cuda:2 device type tensor to numpy. Use Tensor.cpu() to copy the tensor to host memory first.
WARNING 2023-10-20 09:35:33 - log.py:88 - [*User Warning*] The returned result cannot be compared normally, the result index is 0
INFO 2023-10-20 09:35:33 - model_mutation_operators_follow_log.py:994 - ms_mut_result: True
INFO 2023-10-20 09:35:33 - model_mutation_operators_follow_log.py:995 - generation: 1
INFO 2023-10-20 09:35:33 - model_mutation_operators_follow_log.py:1194 - ms_mut_result: True
INFO 2023-10-20 09:35:33 - model_mutation_operators_follow_log.py:1195 - generation: 3
INFO 2023-10-20 09:35:33 - model_mutation_operators_follow_log.py:1194 - ms_mut_result: True
INFO 2023-10-20 09:35:33 - model_mutation_operators_follow_log.py:1195 - generation: 4
INFO 2023-10-20 09:35:33 - model_mutation_operators_follow_log.py:1112 - ms_mut_result: True
INFO 2023-10-20 09:35:33 - model_mutation_operators_follow_log.py:1113 - generation: 6
INFO 2023-10-20 09:35:33 - model_mutation_operators_follow_log.py:1112 - ms_mut_result: True
INFO 2023-10-20 09:35:33 - model_mutation_operators_follow_log.py:1113 - generation: 7
INFO 2023-10-20 09:35:33 - model_mutation_operators_follow_log.py:1112 - ms_mut_result: True
INFO 2023-10-20 09:35:33 - model_mutation_operators_follow_log.py:1113 - generation: 8
INFO 2023-10-20 09:35:33 - model_mutation_operators_follow_log.py:1112 - ms_mut_result: True
INFO 2023-10-20 09:35:33 - model_mutation_operators_follow_log.py:1113 - generation: 9
INFO 2023-10-20 09:35:33 - model_mutation_operators_follow_log.py:994 - ms_mut_result: True
INFO 2023-10-20 09:35:33 - model_mutation_operators_follow_log.py:995 - generation: 10
INFO 2023-10-20 09:35:33 - model_mutation_operators_follow_log.py:1112 - ms_mut_result: True
INFO 2023-10-20 09:35:33 - model_mutation_operators_follow_log.py:1113 - generation: 11
INFO 2023-10-20 09:35:33 - model_mutation_operators_follow_log.py:1112 - ms_mut_result: True
INFO 2023-10-20 09:35:33 - model_mutation_operators_follow_log.py:1113 - generation: 12
INFO 2023-10-20 09:35:33 - model_mutation_operators_follow_log.py:1194 - ms_mut_result: True
INFO 2023-10-20 09:35:33 - model_mutation_operators_follow_log.py:1195 - generation: 13
INFO 2023-10-20 09:35:33 - model_mutation_operators_follow_log.py:994 - ms_mut_result: True
INFO 2023-10-20 09:35:33 - model_mutation_operators_follow_log.py:995 - generation: 15
INFO 2023-10-20 09:35:33 - model_mutation_operators_follow_log.py:1112 - ms_mut_result: True
INFO 2023-10-20 09:35:33 - model_mutation_operators_follow_log.py:1113 - generation: 16
INFO 2023-10-20 09:35:33 - model_mutation_operators_follow_log.py:1112 - ms_mut_result: True
INFO 2023-10-20 09:35:33 - model_mutation_operators_follow_log.py:1113 - generation: 17
INFO 2023-10-20 09:35:33 - model_mutation_operators_follow_log.py:1112 - ms_mut_result: True
INFO 2023-10-20 09:35:33 - model_mutation_operators_follow_log.py:1113 - generation: 18
INFO 2023-10-20 09:35:33 - model_mutation_operators_follow_log.py:1112 - ms_mut_result: True
INFO 2023-10-20 09:35:33 - model_mutation_operators_follow_log.py:1113 - generation: 20
INFO 2023-10-20 09:35:33 - model_mutation_operators_follow_log.py:1112 - ms_mut_result: True
INFO 2023-10-20 09:35:33 - model_mutation_operators_follow_log.py:1113 - generation: 21
INFO 2023-10-20 09:35:33 - model_mutation_operators_follow_log.py:994 - ms_mut_result: True
INFO 2023-10-20 09:35:33 - model_mutation_operators_follow_log.py:995 - generation: 22
INFO 2023-10-20 09:35:33 - model_mutation_operators_follow_log.py:1112 - ms_mut_result: True
INFO 2023-10-20 09:35:33 - model_mutation_operators_follow_log.py:1113 - generation: 25
INFO 2023-10-20 09:35:33 - model_mutation_operators_follow_log.py:1112 - ms_mut_result: True
INFO 2023-10-20 09:35:33 - model_mutation_operators_follow_log.py:1113 - generation: 26
INFO 2023-10-20 09:35:33 - model_mutation_operators_follow_log.py:1112 - ms_mut_result: True
INFO 2023-10-20 09:35:33 - model_mutation_operators_follow_log.py:1113 - generation: 29
INFO 2023-10-20 09:35:33 - model_mutation_operators_follow_log.py:1112 - ms_mut_result: True
INFO 2023-10-20 09:35:33 - model_mutation_operators_follow_log.py:1113 - generation: 37
INFO 2023-10-20 09:35:33 - model_mutation_operators_follow_log.py:1112 - ms_mut_result: True
INFO 2023-10-20 09:35:33 - model_mutation_operators_follow_log.py:1113 - generation: 38
INFO 2023-10-20 09:35:33 - model_mutation_operators_follow_log.py:994 - ms_mut_result: True
INFO 2023-10-20 09:35:33 - model_mutation_operators_follow_log.py:995 - generation: 39
INFO 2023-10-20 09:35:33 - model_mutation_operators_follow_log.py:1112 - ms_mut_result: True
INFO 2023-10-20 09:35:33 - model_mutation_operators_follow_log.py:1113 - generation: 41
INFO 2023-10-20 09:35:33 - model_mutation_operators_follow_log.py:1112 - ms_mut_result: True
INFO 2023-10-20 09:35:33 - model_mutation_operators_follow_log.py:1113 - generation: 43
INFO 2023-10-20 09:35:33 - model_mutation_operators_follow_log.py:1112 - ms_mut_result: True
INFO 2023-10-20 09:35:33 - model_mutation_operators_follow_log.py:1113 - generation: 44
INFO 2023-10-20 09:35:33 - model_mutation_operators_follow_log.py:994 - ms_mut_result: True
INFO 2023-10-20 09:35:33 - model_mutation_operators_follow_log.py:995 - generation: 45
INFO 2023-10-20 09:35:33 - mutation_main_followlog.py:175 - torch_mut_result: True
INFO 2023-10-20 09:35:33 - mutation_main_followlog.py:387 - torch_mut_result: True
INFO 2023-10-20 09:35:33 - mutation_main_followlog.py:387 - torch_mut_result: True
INFO 2023-10-20 09:35:33 - mutation_main_followlog.py:291 - torch_mut_result: True
INFO 2023-10-20 09:35:33 - mutation_main_followlog.py:291 - torch_mut_result: True
INFO 2023-10-20 09:35:33 - mutation_main_followlog.py:291 - torch_mut_result: True
INFO 2023-10-20 09:35:33 - mutation_main_followlog.py:291 - torch_mut_result: True
INFO 2023-10-20 09:35:33 - mutation_main_followlog.py:175 - torch_mut_result: True
INFO 2023-10-20 09:35:33 - mutation_main_followlog.py:291 - torch_mut_result: True
INFO 2023-10-20 09:35:33 - mutation_main_followlog.py:291 - torch_mut_result: True
INFO 2023-10-20 09:35:33 - mutation_main_followlog.py:387 - torch_mut_result: True
INFO 2023-10-20 09:35:33 - mutation_main_followlog.py:175 - torch_mut_result: True
INFO 2023-10-20 09:35:33 - mutation_main_followlog.py:291 - torch_mut_result: True
INFO 2023-10-20 09:35:33 - mutation_main_followlog.py:291 - torch_mut_result: True
INFO 2023-10-20 09:35:33 - mutation_main_followlog.py:291 - torch_mut_result: True
INFO 2023-10-20 09:35:33 - mutation_main_followlog.py:291 - torch_mut_result: True
INFO 2023-10-20 09:35:33 - mutation_main_followlog.py:291 - torch_mut_result: True
INFO 2023-10-20 09:35:33 - mutation_main_followlog.py:175 - torch_mut_result: True
INFO 2023-10-20 09:35:33 - mutation_main_followlog.py:291 - torch_mut_result: True
INFO 2023-10-20 09:35:33 - mutation_main_followlog.py:291 - torch_mut_result: True
INFO 2023-10-20 09:35:33 - mutation_main_followlog.py:291 - torch_mut_result: True
INFO 2023-10-20 09:35:33 - mutation_main_followlog.py:291 - torch_mut_result: True
INFO 2023-10-20 09:35:33 - mutation_main_followlog.py:291 - torch_mut_result: True
INFO 2023-10-20 09:35:33 - mutation_main_followlog.py:175 - torch_mut_result: True
INFO 2023-10-20 09:35:33 - mutation_main_followlog.py:291 - torch_mut_result: True
INFO 2023-10-20 09:35:33 - mutation_main_followlog.py:291 - torch_mut_result: True
INFO 2023-10-20 09:35:33 - mutation_main_followlog.py:291 - torch_mut_result: True
INFO 2023-10-20 09:35:33 - mutation_main_followlog.py:175 - torch_mut_result: True
ERROR 2023-10-20 09:35:34 - log.py:73 - can't convert cuda:2 device type tensor to numpy. Use Tensor.cpu() to copy the tensor to host memory first.
WARNING 2023-10-20 09:35:34 - log.py:88 - [*User Warning*] The returned result cannot be compared normally, the result index is 0
INFO 2023-10-20 09:35:34 - model_mutation_operators_follow_log.py:994 - ms_mut_result: True
INFO 2023-10-20 09:35:34 - model_mutation_operators_follow_log.py:995 - generation: 1
INFO 2023-10-20 09:35:34 - model_mutation_operators_follow_log.py:1194 - ms_mut_result: True
INFO 2023-10-20 09:35:34 - model_mutation_operators_follow_log.py:1195 - generation: 3
INFO 2023-10-20 09:35:34 - model_mutation_operators_follow_log.py:1194 - ms_mut_result: True
INFO 2023-10-20 09:35:34 - model_mutation_operators_follow_log.py:1195 - generation: 4
INFO 2023-10-20 09:35:34 - model_mutation_operators_follow_log.py:1112 - ms_mut_result: True
INFO 2023-10-20 09:35:34 - model_mutation_operators_follow_log.py:1113 - generation: 6
INFO 2023-10-20 09:35:34 - model_mutation_operators_follow_log.py:1112 - ms_mut_result: True
INFO 2023-10-20 09:35:34 - model_mutation_operators_follow_log.py:1113 - generation: 7
INFO 2023-10-20 09:35:34 - model_mutation_operators_follow_log.py:1112 - ms_mut_result: True
INFO 2023-10-20 09:35:34 - model_mutation_operators_follow_log.py:1113 - generation: 8
INFO 2023-10-20 09:35:34 - model_mutation_operators_follow_log.py:1112 - ms_mut_result: True
INFO 2023-10-20 09:35:34 - model_mutation_operators_follow_log.py:1113 - generation: 9
INFO 2023-10-20 09:35:34 - model_mutation_operators_follow_log.py:994 - ms_mut_result: True
INFO 2023-10-20 09:35:34 - model_mutation_operators_follow_log.py:995 - generation: 10
INFO 2023-10-20 09:35:34 - model_mutation_operators_follow_log.py:1112 - ms_mut_result: True
INFO 2023-10-20 09:35:34 - model_mutation_operators_follow_log.py:1113 - generation: 11
INFO 2023-10-20 09:35:34 - model_mutation_operators_follow_log.py:1112 - ms_mut_result: True
INFO 2023-10-20 09:35:34 - model_mutation_operators_follow_log.py:1113 - generation: 12
INFO 2023-10-20 09:35:34 - model_mutation_operators_follow_log.py:1194 - ms_mut_result: True
INFO 2023-10-20 09:35:34 - model_mutation_operators_follow_log.py:1195 - generation: 13
INFO 2023-10-20 09:35:34 - model_mutation_operators_follow_log.py:994 - ms_mut_result: True
INFO 2023-10-20 09:35:34 - model_mutation_operators_follow_log.py:995 - generation: 15
INFO 2023-10-20 09:35:34 - model_mutation_operators_follow_log.py:1112 - ms_mut_result: True
INFO 2023-10-20 09:35:34 - model_mutation_operators_follow_log.py:1113 - generation: 16
INFO 2023-10-20 09:35:34 - model_mutation_operators_follow_log.py:1112 - ms_mut_result: True
INFO 2023-10-20 09:35:34 - model_mutation_operators_follow_log.py:1113 - generation: 17
INFO 2023-10-20 09:35:34 - model_mutation_operators_follow_log.py:1112 - ms_mut_result: True
INFO 2023-10-20 09:35:34 - model_mutation_operators_follow_log.py:1113 - generation: 18
INFO 2023-10-20 09:35:34 - model_mutation_operators_follow_log.py:1112 - ms_mut_result: True
INFO 2023-10-20 09:35:34 - model_mutation_operators_follow_log.py:1113 - generation: 20
INFO 2023-10-20 09:35:34 - model_mutation_operators_follow_log.py:1112 - ms_mut_result: True
INFO 2023-10-20 09:35:34 - model_mutation_operators_follow_log.py:1113 - generation: 21
INFO 2023-10-20 09:35:34 - model_mutation_operators_follow_log.py:994 - ms_mut_result: True
INFO 2023-10-20 09:35:34 - model_mutation_operators_follow_log.py:995 - generation: 22
INFO 2023-10-20 09:35:34 - model_mutation_operators_follow_log.py:1112 - ms_mut_result: True
INFO 2023-10-20 09:35:34 - model_mutation_operators_follow_log.py:1113 - generation: 25
INFO 2023-10-20 09:35:34 - model_mutation_operators_follow_log.py:1112 - ms_mut_result: True
INFO 2023-10-20 09:35:34 - model_mutation_operators_follow_log.py:1113 - generation: 26
INFO 2023-10-20 09:35:34 - model_mutation_operators_follow_log.py:1112 - ms_mut_result: True
INFO 2023-10-20 09:35:34 - model_mutation_operators_follow_log.py:1113 - generation: 29
INFO 2023-10-20 09:35:34 - model_mutation_operators_follow_log.py:1112 - ms_mut_result: True
INFO 2023-10-20 09:35:34 - model_mutation_operators_follow_log.py:1113 - generation: 37
INFO 2023-10-20 09:35:34 - model_mutation_operators_follow_log.py:1112 - ms_mut_result: True
INFO 2023-10-20 09:35:34 - model_mutation_operators_follow_log.py:1113 - generation: 38
INFO 2023-10-20 09:35:34 - model_mutation_operators_follow_log.py:994 - ms_mut_result: True
INFO 2023-10-20 09:35:34 - model_mutation_operators_follow_log.py:995 - generation: 39
INFO 2023-10-20 09:35:34 - model_mutation_operators_follow_log.py:1112 - ms_mut_result: True
INFO 2023-10-20 09:35:34 - model_mutation_operators_follow_log.py:1113 - generation: 41
INFO 2023-10-20 09:35:34 - model_mutation_operators_follow_log.py:1112 - ms_mut_result: True
INFO 2023-10-20 09:35:34 - model_mutation_operators_follow_log.py:1113 - generation: 43
INFO 2023-10-20 09:35:34 - model_mutation_operators_follow_log.py:1112 - ms_mut_result: True
INFO 2023-10-20 09:35:34 - model_mutation_operators_follow_log.py:1113 - generation: 44
INFO 2023-10-20 09:35:34 - model_mutation_operators_follow_log.py:994 - ms_mut_result: True
INFO 2023-10-20 09:35:34 - model_mutation_operators_follow_log.py:995 - generation: 45
INFO 2023-10-20 09:35:34 - model_mutation_operators_follow_log.py:1112 - ms_mut_result: True
INFO 2023-10-20 09:35:34 - model_mutation_operators_follow_log.py:1113 - generation: 46
INFO 2023-10-20 09:35:34 - model_mutation_operators_follow_log.py:1112 - ms_mut_result: True
INFO 2023-10-20 09:35:34 - model_mutation_operators_follow_log.py:1113 - generation: 48
INFO 2023-10-20 09:35:34 - model_mutation_operators_follow_log.py:1112 - ms_mut_result: True
INFO 2023-10-20 09:35:34 - model_mutation_operators_follow_log.py:1113 - generation: 49
INFO 2023-10-20 09:35:34 - model_mutation_operators_follow_log.py:1112 - ms_mut_result: True
INFO 2023-10-20 09:35:34 - model_mutation_operators_follow_log.py:1113 - generation: 50
INFO 2023-10-20 09:35:34 - mutation_main_followlog.py:175 - torch_mut_result: True
INFO 2023-10-20 09:35:34 - mutation_main_followlog.py:387 - torch_mut_result: True
INFO 2023-10-20 09:35:34 - mutation_main_followlog.py:387 - torch_mut_result: True
INFO 2023-10-20 09:35:34 - mutation_main_followlog.py:291 - torch_mut_result: True
INFO 2023-10-20 09:35:34 - mutation_main_followlog.py:291 - torch_mut_result: True
INFO 2023-10-20 09:35:34 - mutation_main_followlog.py:291 - torch_mut_result: True
INFO 2023-10-20 09:35:34 - mutation_main_followlog.py:291 - torch_mut_result: True
INFO 2023-10-20 09:35:34 - mutation_main_followlog.py:175 - torch_mut_result: True
INFO 2023-10-20 09:35:34 - mutation_main_followlog.py:291 - torch_mut_result: True
INFO 2023-10-20 09:35:34 - mutation_main_followlog.py:291 - torch_mut_result: True
INFO 2023-10-20 09:35:34 - mutation_main_followlog.py:387 - torch_mut_result: True
INFO 2023-10-20 09:35:34 - mutation_main_followlog.py:175 - torch_mut_result: True
INFO 2023-10-20 09:35:34 - mutation_main_followlog.py:291 - torch_mut_result: True
INFO 2023-10-20 09:35:34 - mutation_main_followlog.py:291 - torch_mut_result: True
INFO 2023-10-20 09:35:34 - mutation_main_followlog.py:291 - torch_mut_result: True
INFO 2023-10-20 09:35:34 - mutation_main_followlog.py:291 - torch_mut_result: True
INFO 2023-10-20 09:35:34 - mutation_main_followlog.py:291 - torch_mut_result: True
INFO 2023-10-20 09:35:34 - mutation_main_followlog.py:175 - torch_mut_result: True
INFO 2023-10-20 09:35:34 - mutation_main_followlog.py:291 - torch_mut_result: True
INFO 2023-10-20 09:35:34 - mutation_main_followlog.py:291 - torch_mut_result: True
INFO 2023-10-20 09:35:34 - mutation_main_followlog.py:291 - torch_mut_result: True
INFO 2023-10-20 09:35:34 - mutation_main_followlog.py:291 - torch_mut_result: True
INFO 2023-10-20 09:35:34 - mutation_main_followlog.py:291 - torch_mut_result: True
INFO 2023-10-20 09:35:34 - mutation_main_followlog.py:175 - torch_mut_result: True
INFO 2023-10-20 09:35:34 - mutation_main_followlog.py:291 - torch_mut_result: True
INFO 2023-10-20 09:35:34 - mutation_main_followlog.py:291 - torch_mut_result: True
INFO 2023-10-20 09:35:34 - mutation_main_followlog.py:291 - torch_mut_result: True
INFO 2023-10-20 09:35:34 - mutation_main_followlog.py:175 - torch_mut_result: True
INFO 2023-10-20 09:35:34 - mutation_main_followlog.py:291 - torch_mut_result: True
INFO 2023-10-20 09:35:34 - mutation_main_followlog.py:291 - torch_mut_result: True
INFO 2023-10-20 09:35:34 - mutation_main_followlog.py:291 - torch_mut_result: True
INFO 2023-10-20 09:35:34 - mutation_main_followlog.py:291 - torch_mut_result: True
